   1              		.syntax unified
   2              		.cpu cortex-m3
   3              		.fpu softvfp
   4              		.eabi_attribute 20, 1
   5              		.eabi_attribute 21, 1
   6              		.eabi_attribute 23, 3
   7              		.eabi_attribute 24, 1
   8              		.eabi_attribute 25, 1
   9              		.eabi_attribute 26, 1
  10              		.eabi_attribute 30, 6
  11              		.eabi_attribute 18, 4
  12              		.thumb
  13              		.file	"misc.c"
  23              	.Ltext0:
  24              		.file 1 "../Libraries/STM32F10x_StdPeriph_Driver/src/misc.c"
 19488              		.align	2
 19489              		.global	NVIC_PriorityGroupConfig
 19490              		.thumb
 19491              		.thumb_func
 19493              	NVIC_PriorityGroupConfig:
 19494              	.LFB29:
   1:../Libraries/STM32F10x_StdPeriph_Driver/src/misc.c **** /**
   2:../Libraries/STM32F10x_StdPeriph_Driver/src/misc.c ****   ******************************************************************************
   3:../Libraries/STM32F10x_StdPeriph_Driver/src/misc.c ****   * @file    misc.c
   4:../Libraries/STM32F10x_StdPeriph_Driver/src/misc.c ****   * @author  MCD Application Team
   5:../Libraries/STM32F10x_StdPeriph_Driver/src/misc.c ****   * @version V3.5.0
   6:../Libraries/STM32F10x_StdPeriph_Driver/src/misc.c ****   * @date    11-March-2011
   7:../Libraries/STM32F10x_StdPeriph_Driver/src/misc.c ****   * @brief   This file provides all the miscellaneous firmware functions (add-on
   8:../Libraries/STM32F10x_StdPeriph_Driver/src/misc.c ****   *          to CMSIS functions).
   9:../Libraries/STM32F10x_StdPeriph_Driver/src/misc.c ****   ******************************************************************************
  10:../Libraries/STM32F10x_StdPeriph_Driver/src/misc.c ****   * @attention
  11:../Libraries/STM32F10x_StdPeriph_Driver/src/misc.c ****   *
  12:../Libraries/STM32F10x_StdPeriph_Driver/src/misc.c ****   * THE PRESENT FIRMWARE WHICH IS FOR GUIDANCE ONLY AIMS AT PROVIDING CUSTOMERS
  13:../Libraries/STM32F10x_StdPeriph_Driver/src/misc.c ****   * WITH CODING INFORMATION REGARDING THEIR PRODUCTS IN ORDER FOR THEM TO SAVE
  14:../Libraries/STM32F10x_StdPeriph_Driver/src/misc.c ****   * TIME. AS A RESULT, STMICROELECTRONICS SHALL NOT BE HELD LIABLE FOR ANY
  15:../Libraries/STM32F10x_StdPeriph_Driver/src/misc.c ****   * DIRECT, INDIRECT OR CONSEQUENTIAL DAMAGES WITH RESPECT TO ANY CLAIMS ARISING
  16:../Libraries/STM32F10x_StdPeriph_Driver/src/misc.c ****   * FROM THE CONTENT OF SUCH FIRMWARE AND/OR THE USE MADE BY CUSTOMERS OF THE
  17:../Libraries/STM32F10x_StdPeriph_Driver/src/misc.c ****   * CODING INFORMATION CONTAINED HEREIN IN CONNECTION WITH THEIR PRODUCTS.
  18:../Libraries/STM32F10x_StdPeriph_Driver/src/misc.c ****   *
  19:../Libraries/STM32F10x_StdPeriph_Driver/src/misc.c ****   * <h2><center>&copy; COPYRIGHT 2011 STMicroelectronics</center></h2>
  20:../Libraries/STM32F10x_StdPeriph_Driver/src/misc.c ****   ******************************************************************************
  21:../Libraries/STM32F10x_StdPeriph_Driver/src/misc.c ****   */
  22:../Libraries/STM32F10x_StdPeriph_Driver/src/misc.c **** 
  23:../Libraries/STM32F10x_StdPeriph_Driver/src/misc.c **** /* Includes ------------------------------------------------------------------*/
  24:../Libraries/STM32F10x_StdPeriph_Driver/src/misc.c **** #include "misc.h"
  25:../Libraries/STM32F10x_StdPeriph_Driver/src/misc.c **** 
  26:../Libraries/STM32F10x_StdPeriph_Driver/src/misc.c **** /** @addtogroup STM32F10x_StdPeriph_Driver
  27:../Libraries/STM32F10x_StdPeriph_Driver/src/misc.c ****   * @{
  28:../Libraries/STM32F10x_StdPeriph_Driver/src/misc.c ****   */
  29:../Libraries/STM32F10x_StdPeriph_Driver/src/misc.c **** 
  30:../Libraries/STM32F10x_StdPeriph_Driver/src/misc.c **** /** @defgroup MISC 
  31:../Libraries/STM32F10x_StdPeriph_Driver/src/misc.c ****   * @brief MISC driver modules
  32:../Libraries/STM32F10x_StdPeriph_Driver/src/misc.c ****   * @{
  33:../Libraries/STM32F10x_StdPeriph_Driver/src/misc.c ****   */
  34:../Libraries/STM32F10x_StdPeriph_Driver/src/misc.c **** 
  35:../Libraries/STM32F10x_StdPeriph_Driver/src/misc.c **** /** @defgroup MISC_Private_TypesDefinitions
  36:../Libraries/STM32F10x_StdPeriph_Driver/src/misc.c ****   * @{
  37:../Libraries/STM32F10x_StdPeriph_Driver/src/misc.c ****   */
  38:../Libraries/STM32F10x_StdPeriph_Driver/src/misc.c **** 
  39:../Libraries/STM32F10x_StdPeriph_Driver/src/misc.c **** /**
  40:../Libraries/STM32F10x_StdPeriph_Driver/src/misc.c ****   * @}
  41:../Libraries/STM32F10x_StdPeriph_Driver/src/misc.c ****   */ 
  42:../Libraries/STM32F10x_StdPeriph_Driver/src/misc.c **** 
  43:../Libraries/STM32F10x_StdPeriph_Driver/src/misc.c **** /** @defgroup MISC_Private_Defines
  44:../Libraries/STM32F10x_StdPeriph_Driver/src/misc.c ****   * @{
  45:../Libraries/STM32F10x_StdPeriph_Driver/src/misc.c ****   */
  46:../Libraries/STM32F10x_StdPeriph_Driver/src/misc.c **** 
  47:../Libraries/STM32F10x_StdPeriph_Driver/src/misc.c **** #define AIRCR_VECTKEY_MASK    ((uint32_t)0x05FA0000)
  48:../Libraries/STM32F10x_StdPeriph_Driver/src/misc.c **** /**
  49:../Libraries/STM32F10x_StdPeriph_Driver/src/misc.c ****   * @}
  50:../Libraries/STM32F10x_StdPeriph_Driver/src/misc.c ****   */
  51:../Libraries/STM32F10x_StdPeriph_Driver/src/misc.c **** 
  52:../Libraries/STM32F10x_StdPeriph_Driver/src/misc.c **** /** @defgroup MISC_Private_Macros
  53:../Libraries/STM32F10x_StdPeriph_Driver/src/misc.c ****   * @{
  54:../Libraries/STM32F10x_StdPeriph_Driver/src/misc.c ****   */
  55:../Libraries/STM32F10x_StdPeriph_Driver/src/misc.c **** 
  56:../Libraries/STM32F10x_StdPeriph_Driver/src/misc.c **** /**
  57:../Libraries/STM32F10x_StdPeriph_Driver/src/misc.c ****   * @}
  58:../Libraries/STM32F10x_StdPeriph_Driver/src/misc.c ****   */
  59:../Libraries/STM32F10x_StdPeriph_Driver/src/misc.c **** 
  60:../Libraries/STM32F10x_StdPeriph_Driver/src/misc.c **** /** @defgroup MISC_Private_Variables
  61:../Libraries/STM32F10x_StdPeriph_Driver/src/misc.c ****   * @{
  62:../Libraries/STM32F10x_StdPeriph_Driver/src/misc.c ****   */
  63:../Libraries/STM32F10x_StdPeriph_Driver/src/misc.c **** 
  64:../Libraries/STM32F10x_StdPeriph_Driver/src/misc.c **** /**
  65:../Libraries/STM32F10x_StdPeriph_Driver/src/misc.c ****   * @}
  66:../Libraries/STM32F10x_StdPeriph_Driver/src/misc.c ****   */
  67:../Libraries/STM32F10x_StdPeriph_Driver/src/misc.c **** 
  68:../Libraries/STM32F10x_StdPeriph_Driver/src/misc.c **** /** @defgroup MISC_Private_FunctionPrototypes
  69:../Libraries/STM32F10x_StdPeriph_Driver/src/misc.c ****   * @{
  70:../Libraries/STM32F10x_StdPeriph_Driver/src/misc.c ****   */
  71:../Libraries/STM32F10x_StdPeriph_Driver/src/misc.c **** 
  72:../Libraries/STM32F10x_StdPeriph_Driver/src/misc.c **** /**
  73:../Libraries/STM32F10x_StdPeriph_Driver/src/misc.c ****   * @}
  74:../Libraries/STM32F10x_StdPeriph_Driver/src/misc.c ****   */
  75:../Libraries/STM32F10x_StdPeriph_Driver/src/misc.c **** 
  76:../Libraries/STM32F10x_StdPeriph_Driver/src/misc.c **** /** @defgroup MISC_Private_Functions
  77:../Libraries/STM32F10x_StdPeriph_Driver/src/misc.c ****   * @{
  78:../Libraries/STM32F10x_StdPeriph_Driver/src/misc.c ****   */
  79:../Libraries/STM32F10x_StdPeriph_Driver/src/misc.c **** 
  80:../Libraries/STM32F10x_StdPeriph_Driver/src/misc.c **** /**
  81:../Libraries/STM32F10x_StdPeriph_Driver/src/misc.c ****   * @brief  Configures the priority grouping: pre-emption priority and subpriority.
  82:../Libraries/STM32F10x_StdPeriph_Driver/src/misc.c ****   * @param  NVIC_PriorityGroup: specifies the priority grouping bits length. 
  83:../Libraries/STM32F10x_StdPeriph_Driver/src/misc.c ****   *   This parameter can be one of the following values:
  84:../Libraries/STM32F10x_StdPeriph_Driver/src/misc.c ****   *     @arg NVIC_PriorityGroup_0: 0 bits for pre-emption priority
  85:../Libraries/STM32F10x_StdPeriph_Driver/src/misc.c ****   *                                4 bits for subpriority
  86:../Libraries/STM32F10x_StdPeriph_Driver/src/misc.c ****   *     @arg NVIC_PriorityGroup_1: 1 bits for pre-emption priority
  87:../Libraries/STM32F10x_StdPeriph_Driver/src/misc.c ****   *                                3 bits for subpriority
  88:../Libraries/STM32F10x_StdPeriph_Driver/src/misc.c ****   *     @arg NVIC_PriorityGroup_2: 2 bits for pre-emption priority
  89:../Libraries/STM32F10x_StdPeriph_Driver/src/misc.c ****   *                                2 bits for subpriority
  90:../Libraries/STM32F10x_StdPeriph_Driver/src/misc.c ****   *     @arg NVIC_PriorityGroup_3: 3 bits for pre-emption priority
  91:../Libraries/STM32F10x_StdPeriph_Driver/src/misc.c ****   *                                1 bits for subpriority
  92:../Libraries/STM32F10x_StdPeriph_Driver/src/misc.c ****   *     @arg NVIC_PriorityGroup_4: 4 bits for pre-emption priority
  93:../Libraries/STM32F10x_StdPeriph_Driver/src/misc.c ****   *                                0 bits for subpriority
  94:../Libraries/STM32F10x_StdPeriph_Driver/src/misc.c ****   * @retval None
  95:../Libraries/STM32F10x_StdPeriph_Driver/src/misc.c ****   */
  96:../Libraries/STM32F10x_StdPeriph_Driver/src/misc.c **** void NVIC_PriorityGroupConfig(uint32_t NVIC_PriorityGroup)
  97:../Libraries/STM32F10x_StdPeriph_Driver/src/misc.c **** {
 19495              		.loc 1 97 0
 19496              		.cfi_startproc
 19497              		@ args = 0, pretend = 0, frame = 8
 19498              		@ frame_needed = 1, uses_anonymous_args = 0
 19499              		@ link register save eliminated.
 19500 0000 80B4     		push	{r7}
 19501              	.LCFI0:
 19502              		.cfi_def_cfa_offset 4
 19503 0002 83B0     		sub	sp, sp, #12
 19504              	.LCFI1:
 19505              		.cfi_def_cfa_offset 16
 19506 0004 00AF     		add	r7, sp, #0
 19507              		.cfi_offset 7, -4
 19508              	.LCFI2:
 19509              		.cfi_def_cfa_register 7
 19510 0006 7860     		str	r0, [r7, #4]
  98:../Libraries/STM32F10x_StdPeriph_Driver/src/misc.c ****   /* Check the parameters */
  99:../Libraries/STM32F10x_StdPeriph_Driver/src/misc.c ****   assert_param(IS_NVIC_PRIORITY_GROUP(NVIC_PriorityGroup));
 100:../Libraries/STM32F10x_StdPeriph_Driver/src/misc.c ****   
 101:../Libraries/STM32F10x_StdPeriph_Driver/src/misc.c ****   /* Set the PRIGROUP[10:8] bits according to NVIC_PriorityGroup value */
 102:../Libraries/STM32F10x_StdPeriph_Driver/src/misc.c ****   SCB->AIRCR = AIRCR_VECTKEY_MASK | NVIC_PriorityGroup;
 19511              		.loc 1 102 0
 19512 0008 054A     		ldr	r2, .L2
 19513 000a 7B68     		ldr	r3, [r7, #4]
 19514 000c 43F0BE63 		orr	r3, r3, #99614720
 19515 0010 43F42023 		orr	r3, r3, #655360
 19516 0014 D360     		str	r3, [r2, #12]
 103:../Libraries/STM32F10x_StdPeriph_Driver/src/misc.c **** }
 19517              		.loc 1 103 0
 19518 0016 07F10C07 		add	r7, r7, #12
 19519 001a BD46     		mov	sp, r7
 19520 001c 80BC     		pop	{r7}
 19521 001e 7047     		bx	lr
 19522              	.L3:
 19523              		.align	2
 19524              	.L2:
 19525 0020 00ED00E0 		.word	-536810240
 19526              		.cfi_endproc
 19527              	.LFE29:
 19529              		.section	.text.NVIC_Init,"ax",%progbits
 19530              		.align	2
 19531              		.global	NVIC_Init
 19532              		.thumb
 19533              		.thumb_func
 19535              	NVIC_Init:
 19536              	.LFB30:
 104:../Libraries/STM32F10x_StdPeriph_Driver/src/misc.c **** 
 105:../Libraries/STM32F10x_StdPeriph_Driver/src/misc.c **** /**
 106:../Libraries/STM32F10x_StdPeriph_Driver/src/misc.c ****   * @brief  Initializes the NVIC peripheral according to the specified
 107:../Libraries/STM32F10x_StdPeriph_Driver/src/misc.c ****   *         parameters in the NVIC_InitStruct.
 108:../Libraries/STM32F10x_StdPeriph_Driver/src/misc.c ****   * @param  NVIC_InitStruct: pointer to a NVIC_InitTypeDef structure that contains
 109:../Libraries/STM32F10x_StdPeriph_Driver/src/misc.c ****   *         the configuration information for the specified NVIC peripheral.
 110:../Libraries/STM32F10x_StdPeriph_Driver/src/misc.c ****   * @retval None
 111:../Libraries/STM32F10x_StdPeriph_Driver/src/misc.c ****   */
 112:../Libraries/STM32F10x_StdPeriph_Driver/src/misc.c **** void NVIC_Init(NVIC_InitTypeDef* NVIC_InitStruct)
 113:../Libraries/STM32F10x_StdPeriph_Driver/src/misc.c **** {
 19537              		.loc 1 113 0
 19538              		.cfi_startproc
 19539              		@ args = 0, pretend = 0, frame = 24
 19540              		@ frame_needed = 1, uses_anonymous_args = 0
 19541              		@ link register save eliminated.
 19542 0000 80B4     		push	{r7}
 19543              	.LCFI3:
 19544              		.cfi_def_cfa_offset 4
 19545 0002 87B0     		sub	sp, sp, #28
 19546              	.LCFI4:
 19547              		.cfi_def_cfa_offset 32
 19548 0004 00AF     		add	r7, sp, #0
 19549              		.cfi_offset 7, -4
 19550              	.LCFI5:
 19551              		.cfi_def_cfa_register 7
 19552 0006 7860     		str	r0, [r7, #4]
 114:../Libraries/STM32F10x_StdPeriph_Driver/src/misc.c ****   uint32_t tmppriority = 0x00, tmppre = 0x00, tmpsub = 0x0F;
 19553              		.loc 1 114 0
 19554 0008 4FF00003 		mov	r3, #0
 19555 000c 7B61     		str	r3, [r7, #20]
 19556 000e 4FF00003 		mov	r3, #0
 19557 0012 3B61     		str	r3, [r7, #16]
 19558 0014 4FF00F03 		mov	r3, #15
 19559 0018 FB60     		str	r3, [r7, #12]
 115:../Libraries/STM32F10x_StdPeriph_Driver/src/misc.c ****   
 116:../Libraries/STM32F10x_StdPeriph_Driver/src/misc.c ****   /* Check the parameters */
 117:../Libraries/STM32F10x_StdPeriph_Driver/src/misc.c ****   assert_param(IS_FUNCTIONAL_STATE(NVIC_InitStruct->NVIC_IRQChannelCmd));
 118:../Libraries/STM32F10x_StdPeriph_Driver/src/misc.c ****   assert_param(IS_NVIC_PREEMPTION_PRIORITY(NVIC_InitStruct->NVIC_IRQChannelPreemptionPriority));  
 119:../Libraries/STM32F10x_StdPeriph_Driver/src/misc.c ****   assert_param(IS_NVIC_SUB_PRIORITY(NVIC_InitStruct->NVIC_IRQChannelSubPriority));
 120:../Libraries/STM32F10x_StdPeriph_Driver/src/misc.c ****     
 121:../Libraries/STM32F10x_StdPeriph_Driver/src/misc.c ****   if (NVIC_InitStruct->NVIC_IRQChannelCmd != DISABLE)
 19560              		.loc 1 121 0
 19561 001a 7B68     		ldr	r3, [r7, #4]
 19562 001c DB78     		ldrb	r3, [r3, #3]	@ zero_extendqisi2
 19563 001e 002B     		cmp	r3, #0
 19564 0020 3FD0     		beq	.L5
 122:../Libraries/STM32F10x_StdPeriph_Driver/src/misc.c ****   {
 123:../Libraries/STM32F10x_StdPeriph_Driver/src/misc.c ****     /* Compute the Corresponding IRQ Priority --------------------------------*/    
 124:../Libraries/STM32F10x_StdPeriph_Driver/src/misc.c ****     tmppriority = (0x700 - ((SCB->AIRCR) & (uint32_t)0x700))>> 0x08;
 19565              		.loc 1 124 0
 19566 0022 2B4B     		ldr	r3, .L7
 19567 0024 DB68     		ldr	r3, [r3, #12]
 19568 0026 6FEA0303 		mvn	r3, r3
 19569 002a 03F4E063 		and	r3, r3, #1792
 19570 002e 4FEA1323 		lsr	r3, r3, #8
 19571 0032 7B61     		str	r3, [r7, #20]
 125:../Libraries/STM32F10x_StdPeriph_Driver/src/misc.c ****     tmppre = (0x4 - tmppriority);
 19572              		.loc 1 125 0
 19573 0034 7B69     		ldr	r3, [r7, #20]
 19574 0036 C3F10403 		rsb	r3, r3, #4
 19575 003a 3B61     		str	r3, [r7, #16]
 126:../Libraries/STM32F10x_StdPeriph_Driver/src/misc.c ****     tmpsub = tmpsub >> tmppriority;
 19576              		.loc 1 126 0
 19577 003c 7B69     		ldr	r3, [r7, #20]
 19578 003e FA68     		ldr	r2, [r7, #12]
 19579 0040 22FA03F3 		lsr	r3, r2, r3
 19580 0044 FB60     		str	r3, [r7, #12]
 127:../Libraries/STM32F10x_StdPeriph_Driver/src/misc.c **** 
 128:../Libraries/STM32F10x_StdPeriph_Driver/src/misc.c ****     tmppriority = (uint32_t)NVIC_InitStruct->NVIC_IRQChannelPreemptionPriority << tmppre;
 19581              		.loc 1 128 0
 19582 0046 7B68     		ldr	r3, [r7, #4]
 19583 0048 5B78     		ldrb	r3, [r3, #1]	@ zero_extendqisi2
 19584 004a 1A46     		mov	r2, r3
 19585 004c 3B69     		ldr	r3, [r7, #16]
 19586 004e 02FA03F3 		lsl	r3, r2, r3
 19587 0052 7B61     		str	r3, [r7, #20]
 129:../Libraries/STM32F10x_StdPeriph_Driver/src/misc.c ****     tmppriority |=  NVIC_InitStruct->NVIC_IRQChannelSubPriority & tmpsub;
 19588              		.loc 1 129 0
 19589 0054 7B68     		ldr	r3, [r7, #4]
 19590 0056 9B78     		ldrb	r3, [r3, #2]	@ zero_extendqisi2
 19591 0058 1A46     		mov	r2, r3
 19592 005a FB68     		ldr	r3, [r7, #12]
 19593 005c 02EA0303 		and	r3, r2, r3
 19594 0060 7A69     		ldr	r2, [r7, #20]
 19595 0062 42EA0303 		orr	r3, r2, r3
 19596 0066 7B61     		str	r3, [r7, #20]
 130:../Libraries/STM32F10x_StdPeriph_Driver/src/misc.c ****     tmppriority = tmppriority << 0x04;
 19597              		.loc 1 130 0
 19598 0068 7B69     		ldr	r3, [r7, #20]
 19599 006a 4FEA0313 		lsl	r3, r3, #4
 19600 006e 7B61     		str	r3, [r7, #20]
 131:../Libraries/STM32F10x_StdPeriph_Driver/src/misc.c ****         
 132:../Libraries/STM32F10x_StdPeriph_Driver/src/misc.c ****     NVIC->IP[NVIC_InitStruct->NVIC_IRQChannel] = tmppriority;
 19601              		.loc 1 132 0
 19602 0070 1849     		ldr	r1, .L7+4
 19603 0072 7B68     		ldr	r3, [r7, #4]
 19604 0074 1B78     		ldrb	r3, [r3, #0]	@ zero_extendqisi2
 19605 0076 7A69     		ldr	r2, [r7, #20]
 19606 0078 D2B2     		uxtb	r2, r2
 19607 007a CB18     		adds	r3, r1, r3
 19608 007c 83F80023 		strb	r2, [r3, #768]
 133:../Libraries/STM32F10x_StdPeriph_Driver/src/misc.c ****     
 134:../Libraries/STM32F10x_StdPeriph_Driver/src/misc.c ****     /* Enable the Selected IRQ Channels --------------------------------------*/
 135:../Libraries/STM32F10x_StdPeriph_Driver/src/misc.c ****     NVIC->ISER[NVIC_InitStruct->NVIC_IRQChannel >> 0x05] =
 19609              		.loc 1 135 0
 19610 0080 144B     		ldr	r3, .L7+4
 19611 0082 7A68     		ldr	r2, [r7, #4]
 19612 0084 1278     		ldrb	r2, [r2, #0]	@ zero_extendqisi2
 19613 0086 4FEA5212 		lsr	r2, r2, #5
 19614 008a D2B2     		uxtb	r2, r2
 136:../Libraries/STM32F10x_StdPeriph_Driver/src/misc.c ****       (uint32_t)0x01 << (NVIC_InitStruct->NVIC_IRQChannel & (uint8_t)0x1F);
 19615              		.loc 1 136 0
 19616 008c 7968     		ldr	r1, [r7, #4]
 19617 008e 0978     		ldrb	r1, [r1, #0]	@ zero_extendqisi2
 19618 0090 01F01F01 		and	r1, r1, #31
 19619 0094 4FF00100 		mov	r0, #1
 19620 0098 00FA01F1 		lsl	r1, r0, r1
 135:../Libraries/STM32F10x_StdPeriph_Driver/src/misc.c ****     NVIC->ISER[NVIC_InitStruct->NVIC_IRQChannel >> 0x05] =
 19621              		.loc 1 135 0
 19622 009c 43F82210 		str	r1, [r3, r2, lsl #2]
 19623 00a0 11E0     		b	.L4
 19624              	.L5:
 137:../Libraries/STM32F10x_StdPeriph_Driver/src/misc.c ****   }
 138:../Libraries/STM32F10x_StdPeriph_Driver/src/misc.c ****   else
 139:../Libraries/STM32F10x_StdPeriph_Driver/src/misc.c ****   {
 140:../Libraries/STM32F10x_StdPeriph_Driver/src/misc.c ****     /* Disable the Selected IRQ Channels -------------------------------------*/
 141:../Libraries/STM32F10x_StdPeriph_Driver/src/misc.c ****     NVIC->ICER[NVIC_InitStruct->NVIC_IRQChannel >> 0x05] =
 19625              		.loc 1 141 0
 19626 00a2 0C4B     		ldr	r3, .L7+4
 19627 00a4 7A68     		ldr	r2, [r7, #4]
 19628 00a6 1278     		ldrb	r2, [r2, #0]	@ zero_extendqisi2
 19629 00a8 4FEA5212 		lsr	r2, r2, #5
 19630 00ac D2B2     		uxtb	r2, r2
 142:../Libraries/STM32F10x_StdPeriph_Driver/src/misc.c ****       (uint32_t)0x01 << (NVIC_InitStruct->NVIC_IRQChannel & (uint8_t)0x1F);
 19631              		.loc 1 142 0
 19632 00ae 7968     		ldr	r1, [r7, #4]
 19633 00b0 0978     		ldrb	r1, [r1, #0]	@ zero_extendqisi2
 19634 00b2 01F01F01 		and	r1, r1, #31
 19635 00b6 4FF00100 		mov	r0, #1
 19636 00ba 00FA01F1 		lsl	r1, r0, r1
 141:../Libraries/STM32F10x_StdPeriph_Driver/src/misc.c ****     NVIC->ICER[NVIC_InitStruct->NVIC_IRQChannel >> 0x05] =
 19637              		.loc 1 141 0
 19638 00be 02F12002 		add	r2, r2, #32
 19639 00c2 43F82210 		str	r1, [r3, r2, lsl #2]
 19640              	.L4:
 143:../Libraries/STM32F10x_StdPeriph_Driver/src/misc.c ****   }
 144:../Libraries/STM32F10x_StdPeriph_Driver/src/misc.c **** }
 19641              		.loc 1 144 0
 19642 00c6 07F11C07 		add	r7, r7, #28
 19643 00ca BD46     		mov	sp, r7
 19644 00cc 80BC     		pop	{r7}
 19645 00ce 7047     		bx	lr
 19646              	.L8:
 19647              		.align	2
 19648              	.L7:
 19649 00d0 00ED00E0 		.word	-536810240
 19650 00d4 00E100E0 		.word	-536813312
 19651              		.cfi_endproc
 19652              	.LFE30:
 19654              		.section	.text.NVIC_SetVectorTable,"ax",%progbits
 19655              		.align	2
 19656              		.global	NVIC_SetVectorTable
 19657              		.thumb
 19658              		.thumb_func
 19660              	NVIC_SetVectorTable:
 19661              	.LFB31:
 145:../Libraries/STM32F10x_StdPeriph_Driver/src/misc.c **** 
 146:../Libraries/STM32F10x_StdPeriph_Driver/src/misc.c **** /**
 147:../Libraries/STM32F10x_StdPeriph_Driver/src/misc.c ****   * @brief  Sets the vector table location and Offset.
 148:../Libraries/STM32F10x_StdPeriph_Driver/src/misc.c ****   * @param  NVIC_VectTab: specifies if the vector table is in RAM or FLASH memory.
 149:../Libraries/STM32F10x_StdPeriph_Driver/src/misc.c ****   *   This parameter can be one of the following values:
 150:../Libraries/STM32F10x_StdPeriph_Driver/src/misc.c ****   *     @arg NVIC_VectTab_RAM
 151:../Libraries/STM32F10x_StdPeriph_Driver/src/misc.c ****   *     @arg NVIC_VectTab_FLASH
 152:../Libraries/STM32F10x_StdPeriph_Driver/src/misc.c ****   * @param  Offset: Vector Table base offset field. This value must be a multiple 
 153:../Libraries/STM32F10x_StdPeriph_Driver/src/misc.c ****   *         of 0x200.
 154:../Libraries/STM32F10x_StdPeriph_Driver/src/misc.c ****   * @retval None
 155:../Libraries/STM32F10x_StdPeriph_Driver/src/misc.c ****   */
 156:../Libraries/STM32F10x_StdPeriph_Driver/src/misc.c **** void NVIC_SetVectorTable(uint32_t NVIC_VectTab, uint32_t Offset)
 157:../Libraries/STM32F10x_StdPeriph_Driver/src/misc.c **** { 
 19662              		.loc 1 157 0
 19663              		.cfi_startproc
 19664              		@ args = 0, pretend = 0, frame = 8
 19665              		@ frame_needed = 1, uses_anonymous_args = 0
 19666              		@ link register save eliminated.
 19667 0000 80B4     		push	{r7}
 19668              	.LCFI6:
 19669              		.cfi_def_cfa_offset 4
 19670 0002 83B0     		sub	sp, sp, #12
 19671              	.LCFI7:
 19672              		.cfi_def_cfa_offset 16
 19673 0004 00AF     		add	r7, sp, #0
 19674              		.cfi_offset 7, -4
 19675              	.LCFI8:
 19676              		.cfi_def_cfa_register 7
 19677 0006 7860     		str	r0, [r7, #4]
 19678 0008 3960     		str	r1, [r7, #0]
 158:../Libraries/STM32F10x_StdPeriph_Driver/src/misc.c ****   /* Check the parameters */
 159:../Libraries/STM32F10x_StdPeriph_Driver/src/misc.c ****   assert_param(IS_NVIC_VECTTAB(NVIC_VectTab));
 160:../Libraries/STM32F10x_StdPeriph_Driver/src/misc.c ****   assert_param(IS_NVIC_OFFSET(Offset));  
 161:../Libraries/STM32F10x_StdPeriph_Driver/src/misc.c ****    
 162:../Libraries/STM32F10x_StdPeriph_Driver/src/misc.c ****   SCB->VTOR = NVIC_VectTab | (Offset & (uint32_t)0x1FFFFF80);
 19679              		.loc 1 162 0
 19680 000a 074A     		ldr	r2, .L10
 19681 000c 3B68     		ldr	r3, [r7, #0]
 19682 000e 23F06043 		bic	r3, r3, #-536870912
 19683 0012 23F07F03 		bic	r3, r3, #127
 19684 0016 7968     		ldr	r1, [r7, #4]
 19685 0018 0B43     		orrs	r3, r3, r1
 19686 001a 9360     		str	r3, [r2, #8]
 163:../Libraries/STM32F10x_StdPeriph_Driver/src/misc.c **** }
 19687              		.loc 1 163 0
 19688 001c 07F10C07 		add	r7, r7, #12
 19689 0020 BD46     		mov	sp, r7
 19690 0022 80BC     		pop	{r7}
 19691 0024 7047     		bx	lr
 19692              	.L11:
 19693 0026 00BF     		.align	2
 19694              	.L10:
 19695 0028 00ED00E0 		.word	-536810240
 19696              		.cfi_endproc
 19697              	.LFE31:
 19699              		.section	.text.NVIC_SystemLPConfig,"ax",%progbits
 19700              		.align	2
 19701              		.global	NVIC_SystemLPConfig
 19702              		.thumb
 19703              		.thumb_func
 19705              	NVIC_SystemLPConfig:
 19706              	.LFB32:
 164:../Libraries/STM32F10x_StdPeriph_Driver/src/misc.c **** 
 165:../Libraries/STM32F10x_StdPeriph_Driver/src/misc.c **** /**
 166:../Libraries/STM32F10x_StdPeriph_Driver/src/misc.c ****   * @brief  Selects the condition for the system to enter low power mode.
 167:../Libraries/STM32F10x_StdPeriph_Driver/src/misc.c ****   * @param  LowPowerMode: Specifies the new mode for the system to enter low power mode.
 168:../Libraries/STM32F10x_StdPeriph_Driver/src/misc.c ****   *   This parameter can be one of the following values:
 169:../Libraries/STM32F10x_StdPeriph_Driver/src/misc.c ****   *     @arg NVIC_LP_SEVONPEND
 170:../Libraries/STM32F10x_StdPeriph_Driver/src/misc.c ****   *     @arg NVIC_LP_SLEEPDEEP
 171:../Libraries/STM32F10x_StdPeriph_Driver/src/misc.c ****   *     @arg NVIC_LP_SLEEPONEXIT
 172:../Libraries/STM32F10x_StdPeriph_Driver/src/misc.c ****   * @param  NewState: new state of LP condition. This parameter can be: ENABLE or DISABLE.
 173:../Libraries/STM32F10x_StdPeriph_Driver/src/misc.c ****   * @retval None
 174:../Libraries/STM32F10x_StdPeriph_Driver/src/misc.c ****   */
 175:../Libraries/STM32F10x_StdPeriph_Driver/src/misc.c **** void NVIC_SystemLPConfig(uint8_t LowPowerMode, FunctionalState NewState)
 176:../Libraries/STM32F10x_StdPeriph_Driver/src/misc.c **** {
 19707              		.loc 1 176 0
 19708              		.cfi_startproc
 19709              		@ args = 0, pretend = 0, frame = 8
 19710              		@ frame_needed = 1, uses_anonymous_args = 0
 19711              		@ link register save eliminated.
 19712 0000 80B4     		push	{r7}
 19713              	.LCFI9:
 19714              		.cfi_def_cfa_offset 4
 19715 0002 83B0     		sub	sp, sp, #12
 19716              	.LCFI10:
 19717              		.cfi_def_cfa_offset 16
 19718 0004 00AF     		add	r7, sp, #0
 19719              		.cfi_offset 7, -4
 19720              	.LCFI11:
 19721              		.cfi_def_cfa_register 7
 19722 0006 0246     		mov	r2, r0
 19723 0008 0B46     		mov	r3, r1
 19724 000a FA71     		strb	r2, [r7, #7]
 19725 000c BB71     		strb	r3, [r7, #6]
 177:../Libraries/STM32F10x_StdPeriph_Driver/src/misc.c ****   /* Check the parameters */
 178:../Libraries/STM32F10x_StdPeriph_Driver/src/misc.c ****   assert_param(IS_NVIC_LP(LowPowerMode));
 179:../Libraries/STM32F10x_StdPeriph_Driver/src/misc.c ****   assert_param(IS_FUNCTIONAL_STATE(NewState));  
 180:../Libraries/STM32F10x_StdPeriph_Driver/src/misc.c ****   
 181:../Libraries/STM32F10x_StdPeriph_Driver/src/misc.c ****   if (NewState != DISABLE)
 19726              		.loc 1 181 0
 19727 000e BB79     		ldrb	r3, [r7, #6]	@ zero_extendqisi2
 19728 0010 002B     		cmp	r3, #0
 19729 0012 07D0     		beq	.L13
 182:../Libraries/STM32F10x_StdPeriph_Driver/src/misc.c ****   {
 183:../Libraries/STM32F10x_StdPeriph_Driver/src/misc.c ****     SCB->SCR |= LowPowerMode;
 19730              		.loc 1 183 0
 19731 0014 0A4B     		ldr	r3, .L15
 19732 0016 0A4A     		ldr	r2, .L15
 19733 0018 1169     		ldr	r1, [r2, #16]
 19734 001a FA79     		ldrb	r2, [r7, #7]	@ zero_extendqisi2
 19735 001c 41EA0202 		orr	r2, r1, r2
 19736 0020 1A61     		str	r2, [r3, #16]
 19737 0022 08E0     		b	.L12
 19738              	.L13:
 184:../Libraries/STM32F10x_StdPeriph_Driver/src/misc.c ****   }
 185:../Libraries/STM32F10x_StdPeriph_Driver/src/misc.c ****   else
 186:../Libraries/STM32F10x_StdPeriph_Driver/src/misc.c ****   {
 187:../Libraries/STM32F10x_StdPeriph_Driver/src/misc.c ****     SCB->SCR &= (uint32_t)(~(uint32_t)LowPowerMode);
 19739              		.loc 1 187 0
 19740 0024 064B     		ldr	r3, .L15
 19741 0026 064A     		ldr	r2, .L15
 19742 0028 1169     		ldr	r1, [r2, #16]
 19743 002a FA79     		ldrb	r2, [r7, #7]	@ zero_extendqisi2
 19744 002c 6FEA0202 		mvn	r2, r2
 19745 0030 01EA0202 		and	r2, r1, r2
 19746 0034 1A61     		str	r2, [r3, #16]
 19747              	.L12:
 188:../Libraries/STM32F10x_StdPeriph_Driver/src/misc.c ****   }
 189:../Libraries/STM32F10x_StdPeriph_Driver/src/misc.c **** }
 19748              		.loc 1 189 0
 19749 0036 07F10C07 		add	r7, r7, #12
 19750 003a BD46     		mov	sp, r7
 19751 003c 80BC     		pop	{r7}
 19752 003e 7047     		bx	lr
 19753              	.L16:
 19754              		.align	2
 19755              	.L15:
 19756 0040 00ED00E0 		.word	-536810240
 19757              		.cfi_endproc
 19758              	.LFE32:
 19760              		.section	.text.SysTick_CLKSourceConfig,"ax",%progbits
 19761              		.align	2
 19762              		.global	SysTick_CLKSourceConfig
 19763              		.thumb
 19764              		.thumb_func
 19766              	SysTick_CLKSourceConfig:
 19767              	.LFB33:
 190:../Libraries/STM32F10x_StdPeriph_Driver/src/misc.c **** 
 191:../Libraries/STM32F10x_StdPeriph_Driver/src/misc.c **** /**
 192:../Libraries/STM32F10x_StdPeriph_Driver/src/misc.c ****   * @brief  Configures the SysTick clock source.
 193:../Libraries/STM32F10x_StdPeriph_Driver/src/misc.c ****   * @param  SysTick_CLKSource: specifies the SysTick clock source.
 194:../Libraries/STM32F10x_StdPeriph_Driver/src/misc.c ****   *   This parameter can be one of the following values:
 195:../Libraries/STM32F10x_StdPeriph_Driver/src/misc.c ****   *     @arg SysTick_CLKSource_HCLK_Div8: AHB clock divided by 8 selected as SysTick clock source.
 196:../Libraries/STM32F10x_StdPeriph_Driver/src/misc.c ****   *     @arg SysTick_CLKSource_HCLK: AHB clock selected as SysTick clock source.
 197:../Libraries/STM32F10x_StdPeriph_Driver/src/misc.c ****   * @retval None
 198:../Libraries/STM32F10x_StdPeriph_Driver/src/misc.c ****   */
 199:../Libraries/STM32F10x_StdPeriph_Driver/src/misc.c **** void SysTick_CLKSourceConfig(uint32_t SysTick_CLKSource)
 200:../Libraries/STM32F10x_StdPeriph_Driver/src/misc.c **** {
 19768              		.loc 1 200 0
 19769              		.cfi_startproc
 19770              		@ args = 0, pretend = 0, frame = 8
 19771              		@ frame_needed = 1, uses_anonymous_args = 0
 19772              		@ link register save eliminated.
 19773 0000 80B4     		push	{r7}
 19774              	.LCFI12:
 19775              		.cfi_def_cfa_offset 4
 19776 0002 83B0     		sub	sp, sp, #12
 19777              	.LCFI13:
 19778              		.cfi_def_cfa_offset 16
 19779 0004 00AF     		add	r7, sp, #0
 19780              		.cfi_offset 7, -4
 19781              	.LCFI14:
 19782              		.cfi_def_cfa_register 7
 19783 0006 7860     		str	r0, [r7, #4]
 201:../Libraries/STM32F10x_StdPeriph_Driver/src/misc.c ****   /* Check the parameters */
 202:../Libraries/STM32F10x_StdPeriph_Driver/src/misc.c ****   assert_param(IS_SYSTICK_CLK_SOURCE(SysTick_CLKSource));
 203:../Libraries/STM32F10x_StdPeriph_Driver/src/misc.c ****   if (SysTick_CLKSource == SysTick_CLKSource_HCLK)
 19784              		.loc 1 203 0
 19785 0008 7B68     		ldr	r3, [r7, #4]
 19786 000a 042B     		cmp	r3, #4
 19787 000c 06D1     		bne	.L18
 204:../Libraries/STM32F10x_StdPeriph_Driver/src/misc.c ****   {
 205:../Libraries/STM32F10x_StdPeriph_Driver/src/misc.c ****     SysTick->CTRL |= SysTick_CLKSource_HCLK;
 19788              		.loc 1 205 0
 19789 000e 094B     		ldr	r3, .L20
 19790 0010 084A     		ldr	r2, .L20
 19791 0012 1268     		ldr	r2, [r2, #0]
 19792 0014 42F00402 		orr	r2, r2, #4
 19793 0018 1A60     		str	r2, [r3, #0]
 19794 001a 05E0     		b	.L17
 19795              	.L18:
 206:../Libraries/STM32F10x_StdPeriph_Driver/src/misc.c ****   }
 207:../Libraries/STM32F10x_StdPeriph_Driver/src/misc.c ****   else
 208:../Libraries/STM32F10x_StdPeriph_Driver/src/misc.c ****   {
 209:../Libraries/STM32F10x_StdPeriph_Driver/src/misc.c ****     SysTick->CTRL &= SysTick_CLKSource_HCLK_Div8;
 19796              		.loc 1 209 0
 19797 001c 054B     		ldr	r3, .L20
 19798 001e 054A     		ldr	r2, .L20
 19799 0020 1268     		ldr	r2, [r2, #0]
 19800 0022 22F00402 		bic	r2, r2, #4
 19801 0026 1A60     		str	r2, [r3, #0]
 19802              	.L17:
 210:../Libraries/STM32F10x_StdPeriph_Driver/src/misc.c ****   }
 211:../Libraries/STM32F10x_StdPeriph_Driver/src/misc.c **** }
 19803              		.loc 1 211 0
 19804 0028 07F10C07 		add	r7, r7, #12
 19805 002c BD46     		mov	sp, r7
 19806 002e 80BC     		pop	{r7}
 19807 0030 7047     		bx	lr
 19808              	.L21:
 19809 0032 00BF     		.align	2
 19810              	.L20:
 19811 0034 10E000E0 		.word	-536813552
 19812              		.cfi_endproc
 19813              	.LFE33:
 19815              		.text
 19816              	.Letext0:
DEFINED SYMBOLS
                            *ABS*:00000000 misc.c
C:\Users\sMi\AppData\Local\Temp\cczYwLx7.s:19488  .text.NVIC_PriorityGroupConfig:00000000 $t
C:\Users\sMi\AppData\Local\Temp\cczYwLx7.s:19493  .text.NVIC_PriorityGroupConfig:00000000 NVIC_PriorityGroupConfig
C:\Users\sMi\AppData\Local\Temp\cczYwLx7.s:19525  .text.NVIC_PriorityGroupConfig:00000020 $d
C:\Users\sMi\AppData\Local\Temp\cczYwLx7.s:19530  .text.NVIC_Init:00000000 $t
C:\Users\sMi\AppData\Local\Temp\cczYwLx7.s:19535  .text.NVIC_Init:00000000 NVIC_Init
C:\Users\sMi\AppData\Local\Temp\cczYwLx7.s:19649  .text.NVIC_Init:000000d0 $d
C:\Users\sMi\AppData\Local\Temp\cczYwLx7.s:19655  .text.NVIC_SetVectorTable:00000000 $t
C:\Users\sMi\AppData\Local\Temp\cczYwLx7.s:19660  .text.NVIC_SetVectorTable:00000000 NVIC_SetVectorTable
C:\Users\sMi\AppData\Local\Temp\cczYwLx7.s:19695  .text.NVIC_SetVectorTable:00000028 $d
C:\Users\sMi\AppData\Local\Temp\cczYwLx7.s:19700  .text.NVIC_SystemLPConfig:00000000 $t
C:\Users\sMi\AppData\Local\Temp\cczYwLx7.s:19705  .text.NVIC_SystemLPConfig:00000000 NVIC_SystemLPConfig
C:\Users\sMi\AppData\Local\Temp\cczYwLx7.s:19756  .text.NVIC_SystemLPConfig:00000040 $d
C:\Users\sMi\AppData\Local\Temp\cczYwLx7.s:19761  .text.SysTick_CLKSourceConfig:00000000 $t
C:\Users\sMi\AppData\Local\Temp\cczYwLx7.s:19766  .text.SysTick_CLKSourceConfig:00000000 SysTick_CLKSourceConfig
C:\Users\sMi\AppData\Local\Temp\cczYwLx7.s:19811  .text.SysTick_CLKSourceConfig:00000034 $d
                     .debug_frame:00000010 $d

NO UNDEFINED SYMBOLS
