   1              		.syntax unified
   2              		.cpu cortex-m3
   3              		.fpu softvfp
   4              		.eabi_attribute 20, 1
   5              		.eabi_attribute 21, 1
   6              		.eabi_attribute 23, 3
   7              		.eabi_attribute 24, 1
   8              		.eabi_attribute 25, 1
   9              		.eabi_attribute 26, 1
  10              		.eabi_attribute 30, 6
  11              		.eabi_attribute 18, 4
  12              		.thumb
  13              		.file	"stm32f10x_wwdg.c"
  23              	.Ltext0:
  24              		.file 1 "../Libraries/STM32F10x_StdPeriph_Driver/src/stm32f10x_wwdg.c"
 19539              		.align	2
 19540              		.global	WWDG_DeInit
 19541              		.thumb
 19542              		.thumb_func
 19544              	WWDG_DeInit:
 19545              	.LFB29:
   1:../Libraries/STM32F10x_StdPeriph_Driver/src/stm32f10x_wwdg.c **** /**
   2:../Libraries/STM32F10x_StdPeriph_Driver/src/stm32f10x_wwdg.c ****   ******************************************************************************
   3:../Libraries/STM32F10x_StdPeriph_Driver/src/stm32f10x_wwdg.c ****   * @file    stm32f10x_wwdg.c
   4:../Libraries/STM32F10x_StdPeriph_Driver/src/stm32f10x_wwdg.c ****   * @author  MCD Application Team
   5:../Libraries/STM32F10x_StdPeriph_Driver/src/stm32f10x_wwdg.c ****   * @version V3.5.0
   6:../Libraries/STM32F10x_StdPeriph_Driver/src/stm32f10x_wwdg.c ****   * @date    11-March-2011
   7:../Libraries/STM32F10x_StdPeriph_Driver/src/stm32f10x_wwdg.c ****   * @brief   This file provides all the WWDG firmware functions.
   8:../Libraries/STM32F10x_StdPeriph_Driver/src/stm32f10x_wwdg.c ****   ******************************************************************************
   9:../Libraries/STM32F10x_StdPeriph_Driver/src/stm32f10x_wwdg.c ****   * @attention
  10:../Libraries/STM32F10x_StdPeriph_Driver/src/stm32f10x_wwdg.c ****   *
  11:../Libraries/STM32F10x_StdPeriph_Driver/src/stm32f10x_wwdg.c ****   * THE PRESENT FIRMWARE WHICH IS FOR GUIDANCE ONLY AIMS AT PROVIDING CUSTOMERS
  12:../Libraries/STM32F10x_StdPeriph_Driver/src/stm32f10x_wwdg.c ****   * WITH CODING INFORMATION REGARDING THEIR PRODUCTS IN ORDER FOR THEM TO SAVE
  13:../Libraries/STM32F10x_StdPeriph_Driver/src/stm32f10x_wwdg.c ****   * TIME. AS A RESULT, STMICROELECTRONICS SHALL NOT BE HELD LIABLE FOR ANY
  14:../Libraries/STM32F10x_StdPeriph_Driver/src/stm32f10x_wwdg.c ****   * DIRECT, INDIRECT OR CONSEQUENTIAL DAMAGES WITH RESPECT TO ANY CLAIMS ARISING
  15:../Libraries/STM32F10x_StdPeriph_Driver/src/stm32f10x_wwdg.c ****   * FROM THE CONTENT OF SUCH FIRMWARE AND/OR THE USE MADE BY CUSTOMERS OF THE
  16:../Libraries/STM32F10x_StdPeriph_Driver/src/stm32f10x_wwdg.c ****   * CODING INFORMATION CONTAINED HEREIN IN CONNECTION WITH THEIR PRODUCTS.
  17:../Libraries/STM32F10x_StdPeriph_Driver/src/stm32f10x_wwdg.c ****   *
  18:../Libraries/STM32F10x_StdPeriph_Driver/src/stm32f10x_wwdg.c ****   * <h2><center>&copy; COPYRIGHT 2011 STMicroelectronics</center></h2>
  19:../Libraries/STM32F10x_StdPeriph_Driver/src/stm32f10x_wwdg.c ****   ******************************************************************************
  20:../Libraries/STM32F10x_StdPeriph_Driver/src/stm32f10x_wwdg.c ****   */
  21:../Libraries/STM32F10x_StdPeriph_Driver/src/stm32f10x_wwdg.c **** 
  22:../Libraries/STM32F10x_StdPeriph_Driver/src/stm32f10x_wwdg.c **** /* Includes ------------------------------------------------------------------*/
  23:../Libraries/STM32F10x_StdPeriph_Driver/src/stm32f10x_wwdg.c **** #include "stm32f10x_wwdg.h"
  24:../Libraries/STM32F10x_StdPeriph_Driver/src/stm32f10x_wwdg.c **** #include "stm32f10x_rcc.h"
  25:../Libraries/STM32F10x_StdPeriph_Driver/src/stm32f10x_wwdg.c **** 
  26:../Libraries/STM32F10x_StdPeriph_Driver/src/stm32f10x_wwdg.c **** /** @addtogroup STM32F10x_StdPeriph_Driver
  27:../Libraries/STM32F10x_StdPeriph_Driver/src/stm32f10x_wwdg.c ****   * @{
  28:../Libraries/STM32F10x_StdPeriph_Driver/src/stm32f10x_wwdg.c ****   */
  29:../Libraries/STM32F10x_StdPeriph_Driver/src/stm32f10x_wwdg.c **** 
  30:../Libraries/STM32F10x_StdPeriph_Driver/src/stm32f10x_wwdg.c **** /** @defgroup WWDG 
  31:../Libraries/STM32F10x_StdPeriph_Driver/src/stm32f10x_wwdg.c ****   * @brief WWDG driver modules
  32:../Libraries/STM32F10x_StdPeriph_Driver/src/stm32f10x_wwdg.c ****   * @{
  33:../Libraries/STM32F10x_StdPeriph_Driver/src/stm32f10x_wwdg.c ****   */
  34:../Libraries/STM32F10x_StdPeriph_Driver/src/stm32f10x_wwdg.c **** 
  35:../Libraries/STM32F10x_StdPeriph_Driver/src/stm32f10x_wwdg.c **** /** @defgroup WWDG_Private_TypesDefinitions
  36:../Libraries/STM32F10x_StdPeriph_Driver/src/stm32f10x_wwdg.c ****   * @{
  37:../Libraries/STM32F10x_StdPeriph_Driver/src/stm32f10x_wwdg.c ****   */
  38:../Libraries/STM32F10x_StdPeriph_Driver/src/stm32f10x_wwdg.c **** 
  39:../Libraries/STM32F10x_StdPeriph_Driver/src/stm32f10x_wwdg.c **** /**
  40:../Libraries/STM32F10x_StdPeriph_Driver/src/stm32f10x_wwdg.c ****   * @}
  41:../Libraries/STM32F10x_StdPeriph_Driver/src/stm32f10x_wwdg.c ****   */
  42:../Libraries/STM32F10x_StdPeriph_Driver/src/stm32f10x_wwdg.c **** 
  43:../Libraries/STM32F10x_StdPeriph_Driver/src/stm32f10x_wwdg.c **** /** @defgroup WWDG_Private_Defines
  44:../Libraries/STM32F10x_StdPeriph_Driver/src/stm32f10x_wwdg.c ****   * @{
  45:../Libraries/STM32F10x_StdPeriph_Driver/src/stm32f10x_wwdg.c ****   */
  46:../Libraries/STM32F10x_StdPeriph_Driver/src/stm32f10x_wwdg.c **** 
  47:../Libraries/STM32F10x_StdPeriph_Driver/src/stm32f10x_wwdg.c **** /* ----------- WWDG registers bit address in the alias region ----------- */
  48:../Libraries/STM32F10x_StdPeriph_Driver/src/stm32f10x_wwdg.c **** #define WWDG_OFFSET       (WWDG_BASE - PERIPH_BASE)
  49:../Libraries/STM32F10x_StdPeriph_Driver/src/stm32f10x_wwdg.c **** 
  50:../Libraries/STM32F10x_StdPeriph_Driver/src/stm32f10x_wwdg.c **** /* Alias word address of EWI bit */
  51:../Libraries/STM32F10x_StdPeriph_Driver/src/stm32f10x_wwdg.c **** #define CFR_OFFSET        (WWDG_OFFSET + 0x04)
  52:../Libraries/STM32F10x_StdPeriph_Driver/src/stm32f10x_wwdg.c **** #define EWI_BitNumber     0x09
  53:../Libraries/STM32F10x_StdPeriph_Driver/src/stm32f10x_wwdg.c **** #define CFR_EWI_BB        (PERIPH_BB_BASE + (CFR_OFFSET * 32) + (EWI_BitNumber * 4))
  54:../Libraries/STM32F10x_StdPeriph_Driver/src/stm32f10x_wwdg.c **** 
  55:../Libraries/STM32F10x_StdPeriph_Driver/src/stm32f10x_wwdg.c **** /* --------------------- WWDG registers bit mask ------------------------ */
  56:../Libraries/STM32F10x_StdPeriph_Driver/src/stm32f10x_wwdg.c **** 
  57:../Libraries/STM32F10x_StdPeriph_Driver/src/stm32f10x_wwdg.c **** /* CR register bit mask */
  58:../Libraries/STM32F10x_StdPeriph_Driver/src/stm32f10x_wwdg.c **** #define CR_WDGA_Set       ((uint32_t)0x00000080)
  59:../Libraries/STM32F10x_StdPeriph_Driver/src/stm32f10x_wwdg.c **** 
  60:../Libraries/STM32F10x_StdPeriph_Driver/src/stm32f10x_wwdg.c **** /* CFR register bit mask */
  61:../Libraries/STM32F10x_StdPeriph_Driver/src/stm32f10x_wwdg.c **** #define CFR_WDGTB_Mask    ((uint32_t)0xFFFFFE7F)
  62:../Libraries/STM32F10x_StdPeriph_Driver/src/stm32f10x_wwdg.c **** #define CFR_W_Mask        ((uint32_t)0xFFFFFF80)
  63:../Libraries/STM32F10x_StdPeriph_Driver/src/stm32f10x_wwdg.c **** #define BIT_Mask          ((uint8_t)0x7F)
  64:../Libraries/STM32F10x_StdPeriph_Driver/src/stm32f10x_wwdg.c **** 
  65:../Libraries/STM32F10x_StdPeriph_Driver/src/stm32f10x_wwdg.c **** /**
  66:../Libraries/STM32F10x_StdPeriph_Driver/src/stm32f10x_wwdg.c ****   * @}
  67:../Libraries/STM32F10x_StdPeriph_Driver/src/stm32f10x_wwdg.c ****   */
  68:../Libraries/STM32F10x_StdPeriph_Driver/src/stm32f10x_wwdg.c **** 
  69:../Libraries/STM32F10x_StdPeriph_Driver/src/stm32f10x_wwdg.c **** /** @defgroup WWDG_Private_Macros
  70:../Libraries/STM32F10x_StdPeriph_Driver/src/stm32f10x_wwdg.c ****   * @{
  71:../Libraries/STM32F10x_StdPeriph_Driver/src/stm32f10x_wwdg.c ****   */
  72:../Libraries/STM32F10x_StdPeriph_Driver/src/stm32f10x_wwdg.c **** 
  73:../Libraries/STM32F10x_StdPeriph_Driver/src/stm32f10x_wwdg.c **** /**
  74:../Libraries/STM32F10x_StdPeriph_Driver/src/stm32f10x_wwdg.c ****   * @}
  75:../Libraries/STM32F10x_StdPeriph_Driver/src/stm32f10x_wwdg.c ****   */
  76:../Libraries/STM32F10x_StdPeriph_Driver/src/stm32f10x_wwdg.c **** 
  77:../Libraries/STM32F10x_StdPeriph_Driver/src/stm32f10x_wwdg.c **** /** @defgroup WWDG_Private_Variables
  78:../Libraries/STM32F10x_StdPeriph_Driver/src/stm32f10x_wwdg.c ****   * @{
  79:../Libraries/STM32F10x_StdPeriph_Driver/src/stm32f10x_wwdg.c ****   */
  80:../Libraries/STM32F10x_StdPeriph_Driver/src/stm32f10x_wwdg.c **** 
  81:../Libraries/STM32F10x_StdPeriph_Driver/src/stm32f10x_wwdg.c **** /**
  82:../Libraries/STM32F10x_StdPeriph_Driver/src/stm32f10x_wwdg.c ****   * @}
  83:../Libraries/STM32F10x_StdPeriph_Driver/src/stm32f10x_wwdg.c ****   */
  84:../Libraries/STM32F10x_StdPeriph_Driver/src/stm32f10x_wwdg.c **** 
  85:../Libraries/STM32F10x_StdPeriph_Driver/src/stm32f10x_wwdg.c **** /** @defgroup WWDG_Private_FunctionPrototypes
  86:../Libraries/STM32F10x_StdPeriph_Driver/src/stm32f10x_wwdg.c ****   * @{
  87:../Libraries/STM32F10x_StdPeriph_Driver/src/stm32f10x_wwdg.c ****   */
  88:../Libraries/STM32F10x_StdPeriph_Driver/src/stm32f10x_wwdg.c **** 
  89:../Libraries/STM32F10x_StdPeriph_Driver/src/stm32f10x_wwdg.c **** /**
  90:../Libraries/STM32F10x_StdPeriph_Driver/src/stm32f10x_wwdg.c ****   * @}
  91:../Libraries/STM32F10x_StdPeriph_Driver/src/stm32f10x_wwdg.c ****   */
  92:../Libraries/STM32F10x_StdPeriph_Driver/src/stm32f10x_wwdg.c **** 
  93:../Libraries/STM32F10x_StdPeriph_Driver/src/stm32f10x_wwdg.c **** /** @defgroup WWDG_Private_Functions
  94:../Libraries/STM32F10x_StdPeriph_Driver/src/stm32f10x_wwdg.c ****   * @{
  95:../Libraries/STM32F10x_StdPeriph_Driver/src/stm32f10x_wwdg.c ****   */
  96:../Libraries/STM32F10x_StdPeriph_Driver/src/stm32f10x_wwdg.c **** 
  97:../Libraries/STM32F10x_StdPeriph_Driver/src/stm32f10x_wwdg.c **** /**
  98:../Libraries/STM32F10x_StdPeriph_Driver/src/stm32f10x_wwdg.c ****   * @brief  Deinitializes the WWDG peripheral registers to their default reset values.
  99:../Libraries/STM32F10x_StdPeriph_Driver/src/stm32f10x_wwdg.c ****   * @param  None
 100:../Libraries/STM32F10x_StdPeriph_Driver/src/stm32f10x_wwdg.c ****   * @retval None
 101:../Libraries/STM32F10x_StdPeriph_Driver/src/stm32f10x_wwdg.c ****   */
 102:../Libraries/STM32F10x_StdPeriph_Driver/src/stm32f10x_wwdg.c **** void WWDG_DeInit(void)
 103:../Libraries/STM32F10x_StdPeriph_Driver/src/stm32f10x_wwdg.c **** {
 19546              		.loc 1 103 0
 19547              		.cfi_startproc
 19548              		@ args = 0, pretend = 0, frame = 0
 19549              		@ frame_needed = 1, uses_anonymous_args = 0
 19550 0000 80B5     		push	{r7, lr}
 19551              	.LCFI0:
 19552              		.cfi_def_cfa_offset 8
 19553 0002 00AF     		add	r7, sp, #0
 19554              		.cfi_offset 14, -4
 19555              		.cfi_offset 7, -8
 19556              	.LCFI1:
 19557              		.cfi_def_cfa_register 7
 104:../Libraries/STM32F10x_StdPeriph_Driver/src/stm32f10x_wwdg.c ****   RCC_APB1PeriphResetCmd(RCC_APB1Periph_WWDG, ENABLE);
 19558              		.loc 1 104 0
 19559 0004 4FF40060 		mov	r0, #2048
 19560 0008 4FF00101 		mov	r1, #1
 19561 000c FFF7FEFF 		bl	RCC_APB1PeriphResetCmd
 105:../Libraries/STM32F10x_StdPeriph_Driver/src/stm32f10x_wwdg.c ****   RCC_APB1PeriphResetCmd(RCC_APB1Periph_WWDG, DISABLE);
 19562              		.loc 1 105 0
 19563 0010 4FF40060 		mov	r0, #2048
 19564 0014 4FF00001 		mov	r1, #0
 19565 0018 FFF7FEFF 		bl	RCC_APB1PeriphResetCmd
 106:../Libraries/STM32F10x_StdPeriph_Driver/src/stm32f10x_wwdg.c **** }
 19566              		.loc 1 106 0
 19567 001c 80BD     		pop	{r7, pc}
 19568              		.cfi_endproc
 19569              	.LFE29:
 19571 001e 00BF     		.section	.text.WWDG_SetPrescaler,"ax",%progbits
 19572              		.align	2
 19573              		.global	WWDG_SetPrescaler
 19574              		.thumb
 19575              		.thumb_func
 19577              	WWDG_SetPrescaler:
 19578              	.LFB30:
 107:../Libraries/STM32F10x_StdPeriph_Driver/src/stm32f10x_wwdg.c **** 
 108:../Libraries/STM32F10x_StdPeriph_Driver/src/stm32f10x_wwdg.c **** /**
 109:../Libraries/STM32F10x_StdPeriph_Driver/src/stm32f10x_wwdg.c ****   * @brief  Sets the WWDG Prescaler.
 110:../Libraries/STM32F10x_StdPeriph_Driver/src/stm32f10x_wwdg.c ****   * @param  WWDG_Prescaler: specifies the WWDG Prescaler.
 111:../Libraries/STM32F10x_StdPeriph_Driver/src/stm32f10x_wwdg.c ****   *   This parameter can be one of the following values:
 112:../Libraries/STM32F10x_StdPeriph_Driver/src/stm32f10x_wwdg.c ****   *     @arg WWDG_Prescaler_1: WWDG counter clock = (PCLK1/4096)/1
 113:../Libraries/STM32F10x_StdPeriph_Driver/src/stm32f10x_wwdg.c ****   *     @arg WWDG_Prescaler_2: WWDG counter clock = (PCLK1/4096)/2
 114:../Libraries/STM32F10x_StdPeriph_Driver/src/stm32f10x_wwdg.c ****   *     @arg WWDG_Prescaler_4: WWDG counter clock = (PCLK1/4096)/4
 115:../Libraries/STM32F10x_StdPeriph_Driver/src/stm32f10x_wwdg.c ****   *     @arg WWDG_Prescaler_8: WWDG counter clock = (PCLK1/4096)/8
 116:../Libraries/STM32F10x_StdPeriph_Driver/src/stm32f10x_wwdg.c ****   * @retval None
 117:../Libraries/STM32F10x_StdPeriph_Driver/src/stm32f10x_wwdg.c ****   */
 118:../Libraries/STM32F10x_StdPeriph_Driver/src/stm32f10x_wwdg.c **** void WWDG_SetPrescaler(uint32_t WWDG_Prescaler)
 119:../Libraries/STM32F10x_StdPeriph_Driver/src/stm32f10x_wwdg.c **** {
 19579              		.loc 1 119 0
 19580              		.cfi_startproc
 19581              		@ args = 0, pretend = 0, frame = 16
 19582              		@ frame_needed = 1, uses_anonymous_args = 0
 19583              		@ link register save eliminated.
 19584 0000 80B4     		push	{r7}
 19585              	.LCFI2:
 19586              		.cfi_def_cfa_offset 4
 19587 0002 85B0     		sub	sp, sp, #20
 19588              	.LCFI3:
 19589              		.cfi_def_cfa_offset 24
 19590 0004 00AF     		add	r7, sp, #0
 19591              		.cfi_offset 7, -4
 19592              	.LCFI4:
 19593              		.cfi_def_cfa_register 7
 19594 0006 7860     		str	r0, [r7, #4]
 120:../Libraries/STM32F10x_StdPeriph_Driver/src/stm32f10x_wwdg.c ****   uint32_t tmpreg = 0;
 19595              		.loc 1 120 0
 19596 0008 4FF00003 		mov	r3, #0
 19597 000c FB60     		str	r3, [r7, #12]
 121:../Libraries/STM32F10x_StdPeriph_Driver/src/stm32f10x_wwdg.c ****   /* Check the parameters */
 122:../Libraries/STM32F10x_StdPeriph_Driver/src/stm32f10x_wwdg.c ****   assert_param(IS_WWDG_PRESCALER(WWDG_Prescaler));
 123:../Libraries/STM32F10x_StdPeriph_Driver/src/stm32f10x_wwdg.c ****   /* Clear WDGTB[1:0] bits */
 124:../Libraries/STM32F10x_StdPeriph_Driver/src/stm32f10x_wwdg.c ****   tmpreg = WWDG->CFR & CFR_WDGTB_Mask;
 19598              		.loc 1 124 0
 19599 000e 094B     		ldr	r3, .L3
 19600 0010 5B68     		ldr	r3, [r3, #4]
 19601 0012 23F4C073 		bic	r3, r3, #384
 19602 0016 FB60     		str	r3, [r7, #12]
 125:../Libraries/STM32F10x_StdPeriph_Driver/src/stm32f10x_wwdg.c ****   /* Set WDGTB[1:0] bits according to WWDG_Prescaler value */
 126:../Libraries/STM32F10x_StdPeriph_Driver/src/stm32f10x_wwdg.c ****   tmpreg |= WWDG_Prescaler;
 19603              		.loc 1 126 0
 19604 0018 FA68     		ldr	r2, [r7, #12]
 19605 001a 7B68     		ldr	r3, [r7, #4]
 19606 001c 42EA0303 		orr	r3, r2, r3
 19607 0020 FB60     		str	r3, [r7, #12]
 127:../Libraries/STM32F10x_StdPeriph_Driver/src/stm32f10x_wwdg.c ****   /* Store the new value */
 128:../Libraries/STM32F10x_StdPeriph_Driver/src/stm32f10x_wwdg.c ****   WWDG->CFR = tmpreg;
 19608              		.loc 1 128 0
 19609 0022 044B     		ldr	r3, .L3
 19610 0024 FA68     		ldr	r2, [r7, #12]
 19611 0026 5A60     		str	r2, [r3, #4]
 129:../Libraries/STM32F10x_StdPeriph_Driver/src/stm32f10x_wwdg.c **** }
 19612              		.loc 1 129 0
 19613 0028 07F11407 		add	r7, r7, #20
 19614 002c BD46     		mov	sp, r7
 19615 002e 80BC     		pop	{r7}
 19616 0030 7047     		bx	lr
 19617              	.L4:
 19618 0032 00BF     		.align	2
 19619              	.L3:
 19620 0034 002C0040 		.word	1073753088
 19621              		.cfi_endproc
 19622              	.LFE30:
 19624              		.section	.text.WWDG_SetWindowValue,"ax",%progbits
 19625              		.align	2
 19626              		.global	WWDG_SetWindowValue
 19627              		.thumb
 19628              		.thumb_func
 19630              	WWDG_SetWindowValue:
 19631              	.LFB31:
 130:../Libraries/STM32F10x_StdPeriph_Driver/src/stm32f10x_wwdg.c **** 
 131:../Libraries/STM32F10x_StdPeriph_Driver/src/stm32f10x_wwdg.c **** /**
 132:../Libraries/STM32F10x_StdPeriph_Driver/src/stm32f10x_wwdg.c ****   * @brief  Sets the WWDG window value.
 133:../Libraries/STM32F10x_StdPeriph_Driver/src/stm32f10x_wwdg.c ****   * @param  WindowValue: specifies the window value to be compared to the downcounter.
 134:../Libraries/STM32F10x_StdPeriph_Driver/src/stm32f10x_wwdg.c ****   *   This parameter value must be lower than 0x80.
 135:../Libraries/STM32F10x_StdPeriph_Driver/src/stm32f10x_wwdg.c ****   * @retval None
 136:../Libraries/STM32F10x_StdPeriph_Driver/src/stm32f10x_wwdg.c ****   */
 137:../Libraries/STM32F10x_StdPeriph_Driver/src/stm32f10x_wwdg.c **** void WWDG_SetWindowValue(uint8_t WindowValue)
 138:../Libraries/STM32F10x_StdPeriph_Driver/src/stm32f10x_wwdg.c **** {
 19632              		.loc 1 138 0
 19633              		.cfi_startproc
 19634              		@ args = 0, pretend = 0, frame = 16
 19635              		@ frame_needed = 1, uses_anonymous_args = 0
 19636              		@ link register save eliminated.
 19637 0000 80B4     		push	{r7}
 19638              	.LCFI5:
 19639              		.cfi_def_cfa_offset 4
 19640 0002 85B0     		sub	sp, sp, #20
 19641              	.LCFI6:
 19642              		.cfi_def_cfa_offset 24
 19643 0004 00AF     		add	r7, sp, #0
 19644              		.cfi_offset 7, -4
 19645              	.LCFI7:
 19646              		.cfi_def_cfa_register 7
 19647 0006 0346     		mov	r3, r0
 19648 0008 FB71     		strb	r3, [r7, #7]
 139:../Libraries/STM32F10x_StdPeriph_Driver/src/stm32f10x_wwdg.c ****   __IO uint32_t tmpreg = 0;
 19649              		.loc 1 139 0
 19650 000a 4FF00003 		mov	r3, #0
 19651 000e FB60     		str	r3, [r7, #12]
 140:../Libraries/STM32F10x_StdPeriph_Driver/src/stm32f10x_wwdg.c **** 
 141:../Libraries/STM32F10x_StdPeriph_Driver/src/stm32f10x_wwdg.c ****   /* Check the parameters */
 142:../Libraries/STM32F10x_StdPeriph_Driver/src/stm32f10x_wwdg.c ****   assert_param(IS_WWDG_WINDOW_VALUE(WindowValue));
 143:../Libraries/STM32F10x_StdPeriph_Driver/src/stm32f10x_wwdg.c ****   /* Clear W[6:0] bits */
 144:../Libraries/STM32F10x_StdPeriph_Driver/src/stm32f10x_wwdg.c **** 
 145:../Libraries/STM32F10x_StdPeriph_Driver/src/stm32f10x_wwdg.c ****   tmpreg = WWDG->CFR & CFR_W_Mask;
 19652              		.loc 1 145 0
 19653 0010 094B     		ldr	r3, .L6
 19654 0012 5B68     		ldr	r3, [r3, #4]
 19655 0014 23F07F03 		bic	r3, r3, #127
 19656 0018 FB60     		str	r3, [r7, #12]
 146:../Libraries/STM32F10x_StdPeriph_Driver/src/stm32f10x_wwdg.c **** 
 147:../Libraries/STM32F10x_StdPeriph_Driver/src/stm32f10x_wwdg.c ****   /* Set W[6:0] bits according to WindowValue value */
 148:../Libraries/STM32F10x_StdPeriph_Driver/src/stm32f10x_wwdg.c ****   tmpreg |= WindowValue & (uint32_t) BIT_Mask;
 19657              		.loc 1 148 0
 19658 001a FB79     		ldrb	r3, [r7, #7]	@ zero_extendqisi2
 19659 001c 03F07F02 		and	r2, r3, #127
 19660 0020 FB68     		ldr	r3, [r7, #12]
 19661 0022 42EA0303 		orr	r3, r2, r3
 19662 0026 FB60     		str	r3, [r7, #12]
 149:../Libraries/STM32F10x_StdPeriph_Driver/src/stm32f10x_wwdg.c **** 
 150:../Libraries/STM32F10x_StdPeriph_Driver/src/stm32f10x_wwdg.c ****   /* Store the new value */
 151:../Libraries/STM32F10x_StdPeriph_Driver/src/stm32f10x_wwdg.c ****   WWDG->CFR = tmpreg;
 19663              		.loc 1 151 0
 19664 0028 034B     		ldr	r3, .L6
 19665 002a FA68     		ldr	r2, [r7, #12]
 19666 002c 5A60     		str	r2, [r3, #4]
 152:../Libraries/STM32F10x_StdPeriph_Driver/src/stm32f10x_wwdg.c **** }
 19667              		.loc 1 152 0
 19668 002e 07F11407 		add	r7, r7, #20
 19669 0032 BD46     		mov	sp, r7
 19670 0034 80BC     		pop	{r7}
 19671 0036 7047     		bx	lr
 19672              	.L7:
 19673              		.align	2
 19674              	.L6:
 19675 0038 002C0040 		.word	1073753088
 19676              		.cfi_endproc
 19677              	.LFE31:
 19679              		.section	.text.WWDG_EnableIT,"ax",%progbits
 19680              		.align	2
 19681              		.global	WWDG_EnableIT
 19682              		.thumb
 19683              		.thumb_func
 19685              	WWDG_EnableIT:
 19686              	.LFB32:
 153:../Libraries/STM32F10x_StdPeriph_Driver/src/stm32f10x_wwdg.c **** 
 154:../Libraries/STM32F10x_StdPeriph_Driver/src/stm32f10x_wwdg.c **** /**
 155:../Libraries/STM32F10x_StdPeriph_Driver/src/stm32f10x_wwdg.c ****   * @brief  Enables the WWDG Early Wakeup interrupt(EWI).
 156:../Libraries/STM32F10x_StdPeriph_Driver/src/stm32f10x_wwdg.c ****   * @param  None
 157:../Libraries/STM32F10x_StdPeriph_Driver/src/stm32f10x_wwdg.c ****   * @retval None
 158:../Libraries/STM32F10x_StdPeriph_Driver/src/stm32f10x_wwdg.c ****   */
 159:../Libraries/STM32F10x_StdPeriph_Driver/src/stm32f10x_wwdg.c **** void WWDG_EnableIT(void)
 160:../Libraries/STM32F10x_StdPeriph_Driver/src/stm32f10x_wwdg.c **** {
 19687              		.loc 1 160 0
 19688              		.cfi_startproc
 19689              		@ args = 0, pretend = 0, frame = 0
 19690              		@ frame_needed = 1, uses_anonymous_args = 0
 19691              		@ link register save eliminated.
 19692 0000 80B4     		push	{r7}
 19693              	.LCFI8:
 19694              		.cfi_def_cfa_offset 4
 19695 0002 00AF     		add	r7, sp, #0
 19696              		.cfi_offset 7, -4
 19697              	.LCFI9:
 19698              		.cfi_def_cfa_register 7
 161:../Libraries/STM32F10x_StdPeriph_Driver/src/stm32f10x_wwdg.c ****   *(__IO uint32_t *) CFR_EWI_BB = (uint32_t)ENABLE;
 19699              		.loc 1 161 0
 19700 0004 034B     		ldr	r3, .L9
 19701 0006 4FF00102 		mov	r2, #1
 19702 000a 1A60     		str	r2, [r3, #0]
 162:../Libraries/STM32F10x_StdPeriph_Driver/src/stm32f10x_wwdg.c **** }
 19703              		.loc 1 162 0
 19704 000c BD46     		mov	sp, r7
 19705 000e 80BC     		pop	{r7}
 19706 0010 7047     		bx	lr
 19707              	.L10:
 19708 0012 00BF     		.align	2
 19709              	.L9:
 19710 0014 A4800542 		.word	1107656868
 19711              		.cfi_endproc
 19712              	.LFE32:
 19714              		.section	.text.WWDG_SetCounter,"ax",%progbits
 19715              		.align	2
 19716              		.global	WWDG_SetCounter
 19717              		.thumb
 19718              		.thumb_func
 19720              	WWDG_SetCounter:
 19721              	.LFB33:
 163:../Libraries/STM32F10x_StdPeriph_Driver/src/stm32f10x_wwdg.c **** 
 164:../Libraries/STM32F10x_StdPeriph_Driver/src/stm32f10x_wwdg.c **** /**
 165:../Libraries/STM32F10x_StdPeriph_Driver/src/stm32f10x_wwdg.c ****   * @brief  Sets the WWDG counter value.
 166:../Libraries/STM32F10x_StdPeriph_Driver/src/stm32f10x_wwdg.c ****   * @param  Counter: specifies the watchdog counter value.
 167:../Libraries/STM32F10x_StdPeriph_Driver/src/stm32f10x_wwdg.c ****   *   This parameter must be a number between 0x40 and 0x7F.
 168:../Libraries/STM32F10x_StdPeriph_Driver/src/stm32f10x_wwdg.c ****   * @retval None
 169:../Libraries/STM32F10x_StdPeriph_Driver/src/stm32f10x_wwdg.c ****   */
 170:../Libraries/STM32F10x_StdPeriph_Driver/src/stm32f10x_wwdg.c **** void WWDG_SetCounter(uint8_t Counter)
 171:../Libraries/STM32F10x_StdPeriph_Driver/src/stm32f10x_wwdg.c **** {
 19722              		.loc 1 171 0
 19723              		.cfi_startproc
 19724              		@ args = 0, pretend = 0, frame = 8
 19725              		@ frame_needed = 1, uses_anonymous_args = 0
 19726              		@ link register save eliminated.
 19727 0000 80B4     		push	{r7}
 19728              	.LCFI10:
 19729              		.cfi_def_cfa_offset 4
 19730 0002 83B0     		sub	sp, sp, #12
 19731              	.LCFI11:
 19732              		.cfi_def_cfa_offset 16
 19733 0004 00AF     		add	r7, sp, #0
 19734              		.cfi_offset 7, -4
 19735              	.LCFI12:
 19736              		.cfi_def_cfa_register 7
 19737 0006 0346     		mov	r3, r0
 19738 0008 FB71     		strb	r3, [r7, #7]
 172:../Libraries/STM32F10x_StdPeriph_Driver/src/stm32f10x_wwdg.c ****   /* Check the parameters */
 173:../Libraries/STM32F10x_StdPeriph_Driver/src/stm32f10x_wwdg.c ****   assert_param(IS_WWDG_COUNTER(Counter));
 174:../Libraries/STM32F10x_StdPeriph_Driver/src/stm32f10x_wwdg.c ****   /* Write to T[6:0] bits to configure the counter value, no need to do
 175:../Libraries/STM32F10x_StdPeriph_Driver/src/stm32f10x_wwdg.c ****      a read-modify-write; writing a 0 to WDGA bit does nothing */
 176:../Libraries/STM32F10x_StdPeriph_Driver/src/stm32f10x_wwdg.c ****   WWDG->CR = Counter & BIT_Mask;
 19739              		.loc 1 176 0
 19740 000a 054B     		ldr	r3, .L12
 19741 000c FA79     		ldrb	r2, [r7, #7]	@ zero_extendqisi2
 19742 000e 02F07F02 		and	r2, r2, #127
 19743 0012 1A60     		str	r2, [r3, #0]
 177:../Libraries/STM32F10x_StdPeriph_Driver/src/stm32f10x_wwdg.c **** }
 19744              		.loc 1 177 0
 19745 0014 07F10C07 		add	r7, r7, #12
 19746 0018 BD46     		mov	sp, r7
 19747 001a 80BC     		pop	{r7}
 19748 001c 7047     		bx	lr
 19749              	.L13:
 19750 001e 00BF     		.align	2
 19751              	.L12:
 19752 0020 002C0040 		.word	1073753088
 19753              		.cfi_endproc
 19754              	.LFE33:
 19756              		.section	.text.WWDG_Enable,"ax",%progbits
 19757              		.align	2
 19758              		.global	WWDG_Enable
 19759              		.thumb
 19760              		.thumb_func
 19762              	WWDG_Enable:
 19763              	.LFB34:
 178:../Libraries/STM32F10x_StdPeriph_Driver/src/stm32f10x_wwdg.c **** 
 179:../Libraries/STM32F10x_StdPeriph_Driver/src/stm32f10x_wwdg.c **** /**
 180:../Libraries/STM32F10x_StdPeriph_Driver/src/stm32f10x_wwdg.c ****   * @brief  Enables WWDG and load the counter value.                  
 181:../Libraries/STM32F10x_StdPeriph_Driver/src/stm32f10x_wwdg.c ****   * @param  Counter: specifies the watchdog counter value.
 182:../Libraries/STM32F10x_StdPeriph_Driver/src/stm32f10x_wwdg.c ****   *   This parameter must be a number between 0x40 and 0x7F.
 183:../Libraries/STM32F10x_StdPeriph_Driver/src/stm32f10x_wwdg.c ****   * @retval None
 184:../Libraries/STM32F10x_StdPeriph_Driver/src/stm32f10x_wwdg.c ****   */
 185:../Libraries/STM32F10x_StdPeriph_Driver/src/stm32f10x_wwdg.c **** void WWDG_Enable(uint8_t Counter)
 186:../Libraries/STM32F10x_StdPeriph_Driver/src/stm32f10x_wwdg.c **** {
 19764              		.loc 1 186 0
 19765              		.cfi_startproc
 19766              		@ args = 0, pretend = 0, frame = 8
 19767              		@ frame_needed = 1, uses_anonymous_args = 0
 19768              		@ link register save eliminated.
 19769 0000 80B4     		push	{r7}
 19770              	.LCFI13:
 19771              		.cfi_def_cfa_offset 4
 19772 0002 83B0     		sub	sp, sp, #12
 19773              	.LCFI14:
 19774              		.cfi_def_cfa_offset 16
 19775 0004 00AF     		add	r7, sp, #0
 19776              		.cfi_offset 7, -4
 19777              	.LCFI15:
 19778              		.cfi_def_cfa_register 7
 19779 0006 0346     		mov	r3, r0
 19780 0008 FB71     		strb	r3, [r7, #7]
 187:../Libraries/STM32F10x_StdPeriph_Driver/src/stm32f10x_wwdg.c ****   /* Check the parameters */
 188:../Libraries/STM32F10x_StdPeriph_Driver/src/stm32f10x_wwdg.c ****   assert_param(IS_WWDG_COUNTER(Counter));
 189:../Libraries/STM32F10x_StdPeriph_Driver/src/stm32f10x_wwdg.c ****   WWDG->CR = CR_WDGA_Set | Counter;
 19781              		.loc 1 189 0
 19782 000a 054B     		ldr	r3, .L15
 19783 000c FA79     		ldrb	r2, [r7, #7]
 19784 000e 62F07F02 		orn	r2, r2, #127
 19785 0012 D2B2     		uxtb	r2, r2
 19786 0014 1A60     		str	r2, [r3, #0]
 190:../Libraries/STM32F10x_StdPeriph_Driver/src/stm32f10x_wwdg.c **** }
 19787              		.loc 1 190 0
 19788 0016 07F10C07 		add	r7, r7, #12
 19789 001a BD46     		mov	sp, r7
 19790 001c 80BC     		pop	{r7}
 19791 001e 7047     		bx	lr
 19792              	.L16:
 19793              		.align	2
 19794              	.L15:
 19795 0020 002C0040 		.word	1073753088
 19796              		.cfi_endproc
 19797              	.LFE34:
 19799              		.section	.text.WWDG_GetFlagStatus,"ax",%progbits
 19800              		.align	2
 19801              		.global	WWDG_GetFlagStatus
 19802              		.thumb
 19803              		.thumb_func
 19805              	WWDG_GetFlagStatus:
 19806              	.LFB35:
 191:../Libraries/STM32F10x_StdPeriph_Driver/src/stm32f10x_wwdg.c **** 
 192:../Libraries/STM32F10x_StdPeriph_Driver/src/stm32f10x_wwdg.c **** /**
 193:../Libraries/STM32F10x_StdPeriph_Driver/src/stm32f10x_wwdg.c ****   * @brief  Checks whether the Early Wakeup interrupt flag is set or not.
 194:../Libraries/STM32F10x_StdPeriph_Driver/src/stm32f10x_wwdg.c ****   * @param  None
 195:../Libraries/STM32F10x_StdPeriph_Driver/src/stm32f10x_wwdg.c ****   * @retval The new state of the Early Wakeup interrupt flag (SET or RESET)
 196:../Libraries/STM32F10x_StdPeriph_Driver/src/stm32f10x_wwdg.c ****   */
 197:../Libraries/STM32F10x_StdPeriph_Driver/src/stm32f10x_wwdg.c **** FlagStatus WWDG_GetFlagStatus(void)
 198:../Libraries/STM32F10x_StdPeriph_Driver/src/stm32f10x_wwdg.c **** {
 19807              		.loc 1 198 0
 19808              		.cfi_startproc
 19809              		@ args = 0, pretend = 0, frame = 0
 19810              		@ frame_needed = 1, uses_anonymous_args = 0
 19811              		@ link register save eliminated.
 19812 0000 80B4     		push	{r7}
 19813              	.LCFI16:
 19814              		.cfi_def_cfa_offset 4
 19815 0002 00AF     		add	r7, sp, #0
 19816              		.cfi_offset 7, -4
 19817              	.LCFI17:
 19818              		.cfi_def_cfa_register 7
 199:../Libraries/STM32F10x_StdPeriph_Driver/src/stm32f10x_wwdg.c ****   return (FlagStatus)(WWDG->SR);
 19819              		.loc 1 199 0
 19820 0004 034B     		ldr	r3, .L18
 19821 0006 9B68     		ldr	r3, [r3, #8]
 19822 0008 DBB2     		uxtb	r3, r3
 200:../Libraries/STM32F10x_StdPeriph_Driver/src/stm32f10x_wwdg.c **** }
 19823              		.loc 1 200 0
 19824 000a 1846     		mov	r0, r3
 19825 000c BD46     		mov	sp, r7
 19826 000e 80BC     		pop	{r7}
 19827 0010 7047     		bx	lr
 19828              	.L19:
 19829 0012 00BF     		.align	2
 19830              	.L18:
 19831 0014 002C0040 		.word	1073753088
 19832              		.cfi_endproc
 19833              	.LFE35:
 19835              		.section	.text.WWDG_ClearFlag,"ax",%progbits
 19836              		.align	2
 19837              		.global	WWDG_ClearFlag
 19838              		.thumb
 19839              		.thumb_func
 19841              	WWDG_ClearFlag:
 19842              	.LFB36:
 201:../Libraries/STM32F10x_StdPeriph_Driver/src/stm32f10x_wwdg.c **** 
 202:../Libraries/STM32F10x_StdPeriph_Driver/src/stm32f10x_wwdg.c **** /**
 203:../Libraries/STM32F10x_StdPeriph_Driver/src/stm32f10x_wwdg.c ****   * @brief  Clears Early Wakeup interrupt flag.
 204:../Libraries/STM32F10x_StdPeriph_Driver/src/stm32f10x_wwdg.c ****   * @param  None
 205:../Libraries/STM32F10x_StdPeriph_Driver/src/stm32f10x_wwdg.c ****   * @retval None
 206:../Libraries/STM32F10x_StdPeriph_Driver/src/stm32f10x_wwdg.c ****   */
 207:../Libraries/STM32F10x_StdPeriph_Driver/src/stm32f10x_wwdg.c **** void WWDG_ClearFlag(void)
 208:../Libraries/STM32F10x_StdPeriph_Driver/src/stm32f10x_wwdg.c **** {
 19843              		.loc 1 208 0
 19844              		.cfi_startproc
 19845              		@ args = 0, pretend = 0, frame = 0
 19846              		@ frame_needed = 1, uses_anonymous_args = 0
 19847              		@ link register save eliminated.
 19848 0000 80B4     		push	{r7}
 19849              	.LCFI18:
 19850              		.cfi_def_cfa_offset 4
 19851 0002 00AF     		add	r7, sp, #0
 19852              		.cfi_offset 7, -4
 19853              	.LCFI19:
 19854              		.cfi_def_cfa_register 7
 209:../Libraries/STM32F10x_StdPeriph_Driver/src/stm32f10x_wwdg.c ****   WWDG->SR = (uint32_t)RESET;
 19855              		.loc 1 209 0
 19856 0004 034B     		ldr	r3, .L21
 19857 0006 4FF00002 		mov	r2, #0
 19858 000a 9A60     		str	r2, [r3, #8]
 210:../Libraries/STM32F10x_StdPeriph_Driver/src/stm32f10x_wwdg.c **** }
 19859              		.loc 1 210 0
 19860 000c BD46     		mov	sp, r7
 19861 000e 80BC     		pop	{r7}
 19862 0010 7047     		bx	lr
 19863              	.L22:
 19864 0012 00BF     		.align	2
 19865              	.L21:
 19866 0014 002C0040 		.word	1073753088
 19867              		.cfi_endproc
 19868              	.LFE36:
 19870              		.text
 19871              	.Letext0:
DEFINED SYMBOLS
                            *ABS*:00000000 stm32f10x_wwdg.c
C:\Users\sMi\AppData\Local\Temp\ccP3d3L8.s:19539  .text.WWDG_DeInit:00000000 $t
C:\Users\sMi\AppData\Local\Temp\ccP3d3L8.s:19544  .text.WWDG_DeInit:00000000 WWDG_DeInit
C:\Users\sMi\AppData\Local\Temp\ccP3d3L8.s:19572  .text.WWDG_SetPrescaler:00000000 $t
C:\Users\sMi\AppData\Local\Temp\ccP3d3L8.s:19577  .text.WWDG_SetPrescaler:00000000 WWDG_SetPrescaler
C:\Users\sMi\AppData\Local\Temp\ccP3d3L8.s:19620  .text.WWDG_SetPrescaler:00000034 $d
C:\Users\sMi\AppData\Local\Temp\ccP3d3L8.s:19625  .text.WWDG_SetWindowValue:00000000 $t
C:\Users\sMi\AppData\Local\Temp\ccP3d3L8.s:19630  .text.WWDG_SetWindowValue:00000000 WWDG_SetWindowValue
C:\Users\sMi\AppData\Local\Temp\ccP3d3L8.s:19675  .text.WWDG_SetWindowValue:00000038 $d
C:\Users\sMi\AppData\Local\Temp\ccP3d3L8.s:19680  .text.WWDG_EnableIT:00000000 $t
C:\Users\sMi\AppData\Local\Temp\ccP3d3L8.s:19685  .text.WWDG_EnableIT:00000000 WWDG_EnableIT
C:\Users\sMi\AppData\Local\Temp\ccP3d3L8.s:19710  .text.WWDG_EnableIT:00000014 $d
C:\Users\sMi\AppData\Local\Temp\ccP3d3L8.s:19715  .text.WWDG_SetCounter:00000000 $t
C:\Users\sMi\AppData\Local\Temp\ccP3d3L8.s:19720  .text.WWDG_SetCounter:00000000 WWDG_SetCounter
C:\Users\sMi\AppData\Local\Temp\ccP3d3L8.s:19752  .text.WWDG_SetCounter:00000020 $d
C:\Users\sMi\AppData\Local\Temp\ccP3d3L8.s:19757  .text.WWDG_Enable:00000000 $t
C:\Users\sMi\AppData\Local\Temp\ccP3d3L8.s:19762  .text.WWDG_Enable:00000000 WWDG_Enable
C:\Users\sMi\AppData\Local\Temp\ccP3d3L8.s:19795  .text.WWDG_Enable:00000020 $d
C:\Users\sMi\AppData\Local\Temp\ccP3d3L8.s:19800  .text.WWDG_GetFlagStatus:00000000 $t
C:\Users\sMi\AppData\Local\Temp\ccP3d3L8.s:19805  .text.WWDG_GetFlagStatus:00000000 WWDG_GetFlagStatus
C:\Users\sMi\AppData\Local\Temp\ccP3d3L8.s:19831  .text.WWDG_GetFlagStatus:00000014 $d
C:\Users\sMi\AppData\Local\Temp\ccP3d3L8.s:19836  .text.WWDG_ClearFlag:00000000 $t
C:\Users\sMi\AppData\Local\Temp\ccP3d3L8.s:19841  .text.WWDG_ClearFlag:00000000 WWDG_ClearFlag
C:\Users\sMi\AppData\Local\Temp\ccP3d3L8.s:19866  .text.WWDG_ClearFlag:00000014 $d
                     .debug_frame:00000010 $d

UNDEFINED SYMBOLS
RCC_APB1PeriphResetCmd
