   1              		.syntax unified
   2              		.cpu cortex-m3
   3              		.fpu softvfp
   4              		.eabi_attribute 20, 1
   5              		.eabi_attribute 21, 1
   6              		.eabi_attribute 23, 3
   7              		.eabi_attribute 24, 1
   8              		.eabi_attribute 25, 1
   9              		.eabi_attribute 26, 1
  10              		.eabi_attribute 30, 6
  11              		.eabi_attribute 18, 4
  12              		.thumb
  13              		.file	"stm32f10x_cec.c"
  23              	.Ltext0:
  24              		.file 1 "../Libraries/STM32F10x_StdPeriph_Driver/src/stm32f10x_cec.c"
 19635              		.align	2
 19636              		.global	CEC_DeInit
 19637              		.thumb
 19638              		.thumb_func
 19640              	CEC_DeInit:
 19641              	.LFB29:
   1:../Libraries/STM32F10x_StdPeriph_Driver/src/stm32f10x_cec.c **** /**
   2:../Libraries/STM32F10x_StdPeriph_Driver/src/stm32f10x_cec.c ****   ******************************************************************************
   3:../Libraries/STM32F10x_StdPeriph_Driver/src/stm32f10x_cec.c ****   * @file    stm32f10x_cec.c
   4:../Libraries/STM32F10x_StdPeriph_Driver/src/stm32f10x_cec.c ****   * @author  MCD Application Team
   5:../Libraries/STM32F10x_StdPeriph_Driver/src/stm32f10x_cec.c ****   * @version V3.5.0
   6:../Libraries/STM32F10x_StdPeriph_Driver/src/stm32f10x_cec.c ****   * @date    11-March-2011
   7:../Libraries/STM32F10x_StdPeriph_Driver/src/stm32f10x_cec.c ****   * @brief   This file provides all the CEC firmware functions.
   8:../Libraries/STM32F10x_StdPeriph_Driver/src/stm32f10x_cec.c ****   ******************************************************************************
   9:../Libraries/STM32F10x_StdPeriph_Driver/src/stm32f10x_cec.c ****   * @attention
  10:../Libraries/STM32F10x_StdPeriph_Driver/src/stm32f10x_cec.c ****   *
  11:../Libraries/STM32F10x_StdPeriph_Driver/src/stm32f10x_cec.c ****   * THE PRESENT FIRMWARE WHICH IS FOR GUIDANCE ONLY AIMS AT PROVIDING CUSTOMERS
  12:../Libraries/STM32F10x_StdPeriph_Driver/src/stm32f10x_cec.c ****   * WITH CODING INFORMATION REGARDING THEIR PRODUCTS IN ORDER FOR THEM TO SAVE
  13:../Libraries/STM32F10x_StdPeriph_Driver/src/stm32f10x_cec.c ****   * TIME. AS A RESULT, STMICROELECTRONICS SHALL NOT BE HELD LIABLE FOR ANY
  14:../Libraries/STM32F10x_StdPeriph_Driver/src/stm32f10x_cec.c ****   * DIRECT, INDIRECT OR CONSEQUENTIAL DAMAGES WITH RESPECT TO ANY CLAIMS ARISING
  15:../Libraries/STM32F10x_StdPeriph_Driver/src/stm32f10x_cec.c ****   * FROM THE CONTENT OF SUCH FIRMWARE AND/OR THE USE MADE BY CUSTOMERS OF THE
  16:../Libraries/STM32F10x_StdPeriph_Driver/src/stm32f10x_cec.c ****   * CODING INFORMATION CONTAINED HEREIN IN CONNECTION WITH THEIR PRODUCTS.
  17:../Libraries/STM32F10x_StdPeriph_Driver/src/stm32f10x_cec.c ****   *
  18:../Libraries/STM32F10x_StdPeriph_Driver/src/stm32f10x_cec.c ****   * <h2><center>&copy; COPYRIGHT 2011 STMicroelectronics</center></h2>
  19:../Libraries/STM32F10x_StdPeriph_Driver/src/stm32f10x_cec.c ****   ******************************************************************************
  20:../Libraries/STM32F10x_StdPeriph_Driver/src/stm32f10x_cec.c ****   */
  21:../Libraries/STM32F10x_StdPeriph_Driver/src/stm32f10x_cec.c **** 
  22:../Libraries/STM32F10x_StdPeriph_Driver/src/stm32f10x_cec.c **** /* Includes ------------------------------------------------------------------*/
  23:../Libraries/STM32F10x_StdPeriph_Driver/src/stm32f10x_cec.c **** #include "stm32f10x_cec.h"
  24:../Libraries/STM32F10x_StdPeriph_Driver/src/stm32f10x_cec.c **** #include "stm32f10x_rcc.h"
  25:../Libraries/STM32F10x_StdPeriph_Driver/src/stm32f10x_cec.c **** 
  26:../Libraries/STM32F10x_StdPeriph_Driver/src/stm32f10x_cec.c **** /** @addtogroup STM32F10x_StdPeriph_Driver
  27:../Libraries/STM32F10x_StdPeriph_Driver/src/stm32f10x_cec.c ****   * @{
  28:../Libraries/STM32F10x_StdPeriph_Driver/src/stm32f10x_cec.c ****   */
  29:../Libraries/STM32F10x_StdPeriph_Driver/src/stm32f10x_cec.c **** 
  30:../Libraries/STM32F10x_StdPeriph_Driver/src/stm32f10x_cec.c **** /** @defgroup CEC 
  31:../Libraries/STM32F10x_StdPeriph_Driver/src/stm32f10x_cec.c ****   * @brief CEC driver modules
  32:../Libraries/STM32F10x_StdPeriph_Driver/src/stm32f10x_cec.c ****   * @{
  33:../Libraries/STM32F10x_StdPeriph_Driver/src/stm32f10x_cec.c ****   */
  34:../Libraries/STM32F10x_StdPeriph_Driver/src/stm32f10x_cec.c **** 
  35:../Libraries/STM32F10x_StdPeriph_Driver/src/stm32f10x_cec.c **** /** @defgroup CEC_Private_TypesDefinitions
  36:../Libraries/STM32F10x_StdPeriph_Driver/src/stm32f10x_cec.c ****   * @{
  37:../Libraries/STM32F10x_StdPeriph_Driver/src/stm32f10x_cec.c ****   */
  38:../Libraries/STM32F10x_StdPeriph_Driver/src/stm32f10x_cec.c **** 
  39:../Libraries/STM32F10x_StdPeriph_Driver/src/stm32f10x_cec.c **** /**
  40:../Libraries/STM32F10x_StdPeriph_Driver/src/stm32f10x_cec.c ****   * @}
  41:../Libraries/STM32F10x_StdPeriph_Driver/src/stm32f10x_cec.c ****   */
  42:../Libraries/STM32F10x_StdPeriph_Driver/src/stm32f10x_cec.c **** 
  43:../Libraries/STM32F10x_StdPeriph_Driver/src/stm32f10x_cec.c **** 
  44:../Libraries/STM32F10x_StdPeriph_Driver/src/stm32f10x_cec.c **** /** @defgroup CEC_Private_Defines
  45:../Libraries/STM32F10x_StdPeriph_Driver/src/stm32f10x_cec.c ****   * @{
  46:../Libraries/STM32F10x_StdPeriph_Driver/src/stm32f10x_cec.c ****   */ 
  47:../Libraries/STM32F10x_StdPeriph_Driver/src/stm32f10x_cec.c **** 
  48:../Libraries/STM32F10x_StdPeriph_Driver/src/stm32f10x_cec.c **** /* ------------ CEC registers bit address in the alias region ----------- */
  49:../Libraries/STM32F10x_StdPeriph_Driver/src/stm32f10x_cec.c **** #define CEC_OFFSET                (CEC_BASE - PERIPH_BASE)
  50:../Libraries/STM32F10x_StdPeriph_Driver/src/stm32f10x_cec.c **** 
  51:../Libraries/STM32F10x_StdPeriph_Driver/src/stm32f10x_cec.c **** /* --- CFGR Register ---*/
  52:../Libraries/STM32F10x_StdPeriph_Driver/src/stm32f10x_cec.c **** 
  53:../Libraries/STM32F10x_StdPeriph_Driver/src/stm32f10x_cec.c **** /* Alias word address of PE bit */
  54:../Libraries/STM32F10x_StdPeriph_Driver/src/stm32f10x_cec.c **** #define CFGR_OFFSET                 (CEC_OFFSET + 0x00)
  55:../Libraries/STM32F10x_StdPeriph_Driver/src/stm32f10x_cec.c **** #define PE_BitNumber                0x00
  56:../Libraries/STM32F10x_StdPeriph_Driver/src/stm32f10x_cec.c **** #define CFGR_PE_BB                  (PERIPH_BB_BASE + (CFGR_OFFSET * 32) + (PE_BitNumber * 4))
  57:../Libraries/STM32F10x_StdPeriph_Driver/src/stm32f10x_cec.c **** 
  58:../Libraries/STM32F10x_StdPeriph_Driver/src/stm32f10x_cec.c **** /* Alias word address of IE bit */
  59:../Libraries/STM32F10x_StdPeriph_Driver/src/stm32f10x_cec.c **** #define IE_BitNumber                0x01
  60:../Libraries/STM32F10x_StdPeriph_Driver/src/stm32f10x_cec.c **** #define CFGR_IE_BB                  (PERIPH_BB_BASE + (CFGR_OFFSET * 32) + (IE_BitNumber * 4))
  61:../Libraries/STM32F10x_StdPeriph_Driver/src/stm32f10x_cec.c **** 
  62:../Libraries/STM32F10x_StdPeriph_Driver/src/stm32f10x_cec.c **** /* --- CSR Register ---*/
  63:../Libraries/STM32F10x_StdPeriph_Driver/src/stm32f10x_cec.c **** 
  64:../Libraries/STM32F10x_StdPeriph_Driver/src/stm32f10x_cec.c **** /* Alias word address of TSOM bit */
  65:../Libraries/STM32F10x_StdPeriph_Driver/src/stm32f10x_cec.c **** #define CSR_OFFSET                  (CEC_OFFSET + 0x10)
  66:../Libraries/STM32F10x_StdPeriph_Driver/src/stm32f10x_cec.c **** #define TSOM_BitNumber              0x00
  67:../Libraries/STM32F10x_StdPeriph_Driver/src/stm32f10x_cec.c **** #define CSR_TSOM_BB                 (PERIPH_BB_BASE + (CSR_OFFSET * 32) + (TSOM_BitNumber * 4))
  68:../Libraries/STM32F10x_StdPeriph_Driver/src/stm32f10x_cec.c **** 
  69:../Libraries/STM32F10x_StdPeriph_Driver/src/stm32f10x_cec.c **** /* Alias word address of TEOM bit */
  70:../Libraries/STM32F10x_StdPeriph_Driver/src/stm32f10x_cec.c **** #define TEOM_BitNumber              0x01
  71:../Libraries/STM32F10x_StdPeriph_Driver/src/stm32f10x_cec.c **** #define CSR_TEOM_BB                 (PERIPH_BB_BASE + (CSR_OFFSET * 32) + (TEOM_BitNumber * 4))
  72:../Libraries/STM32F10x_StdPeriph_Driver/src/stm32f10x_cec.c ****   
  73:../Libraries/STM32F10x_StdPeriph_Driver/src/stm32f10x_cec.c **** #define CFGR_CLEAR_Mask            (uint8_t)(0xF3)        /* CFGR register Mask */
  74:../Libraries/STM32F10x_StdPeriph_Driver/src/stm32f10x_cec.c **** #define FLAG_Mask                  ((uint32_t)0x00FFFFFF) /* CEC FLAG mask */
  75:../Libraries/STM32F10x_StdPeriph_Driver/src/stm32f10x_cec.c ****  
  76:../Libraries/STM32F10x_StdPeriph_Driver/src/stm32f10x_cec.c **** /**
  77:../Libraries/STM32F10x_StdPeriph_Driver/src/stm32f10x_cec.c ****   * @}
  78:../Libraries/STM32F10x_StdPeriph_Driver/src/stm32f10x_cec.c ****   */ 
  79:../Libraries/STM32F10x_StdPeriph_Driver/src/stm32f10x_cec.c **** 
  80:../Libraries/STM32F10x_StdPeriph_Driver/src/stm32f10x_cec.c **** 
  81:../Libraries/STM32F10x_StdPeriph_Driver/src/stm32f10x_cec.c **** /** @defgroup CEC_Private_Macros
  82:../Libraries/STM32F10x_StdPeriph_Driver/src/stm32f10x_cec.c ****   * @{
  83:../Libraries/STM32F10x_StdPeriph_Driver/src/stm32f10x_cec.c ****   */ 
  84:../Libraries/STM32F10x_StdPeriph_Driver/src/stm32f10x_cec.c **** 
  85:../Libraries/STM32F10x_StdPeriph_Driver/src/stm32f10x_cec.c **** /**
  86:../Libraries/STM32F10x_StdPeriph_Driver/src/stm32f10x_cec.c ****   * @}
  87:../Libraries/STM32F10x_StdPeriph_Driver/src/stm32f10x_cec.c ****   */ 
  88:../Libraries/STM32F10x_StdPeriph_Driver/src/stm32f10x_cec.c **** 
  89:../Libraries/STM32F10x_StdPeriph_Driver/src/stm32f10x_cec.c **** 
  90:../Libraries/STM32F10x_StdPeriph_Driver/src/stm32f10x_cec.c **** /** @defgroup CEC_Private_Variables
  91:../Libraries/STM32F10x_StdPeriph_Driver/src/stm32f10x_cec.c ****   * @{
  92:../Libraries/STM32F10x_StdPeriph_Driver/src/stm32f10x_cec.c ****   */ 
  93:../Libraries/STM32F10x_StdPeriph_Driver/src/stm32f10x_cec.c **** 
  94:../Libraries/STM32F10x_StdPeriph_Driver/src/stm32f10x_cec.c **** /**
  95:../Libraries/STM32F10x_StdPeriph_Driver/src/stm32f10x_cec.c ****   * @}
  96:../Libraries/STM32F10x_StdPeriph_Driver/src/stm32f10x_cec.c ****   */ 
  97:../Libraries/STM32F10x_StdPeriph_Driver/src/stm32f10x_cec.c **** 
  98:../Libraries/STM32F10x_StdPeriph_Driver/src/stm32f10x_cec.c **** 
  99:../Libraries/STM32F10x_StdPeriph_Driver/src/stm32f10x_cec.c **** /** @defgroup CEC_Private_FunctionPrototypes
 100:../Libraries/STM32F10x_StdPeriph_Driver/src/stm32f10x_cec.c ****   * @{
 101:../Libraries/STM32F10x_StdPeriph_Driver/src/stm32f10x_cec.c ****   */
 102:../Libraries/STM32F10x_StdPeriph_Driver/src/stm32f10x_cec.c ****  
 103:../Libraries/STM32F10x_StdPeriph_Driver/src/stm32f10x_cec.c **** /**
 104:../Libraries/STM32F10x_StdPeriph_Driver/src/stm32f10x_cec.c ****   * @}
 105:../Libraries/STM32F10x_StdPeriph_Driver/src/stm32f10x_cec.c ****   */ 
 106:../Libraries/STM32F10x_StdPeriph_Driver/src/stm32f10x_cec.c **** 
 107:../Libraries/STM32F10x_StdPeriph_Driver/src/stm32f10x_cec.c **** 
 108:../Libraries/STM32F10x_StdPeriph_Driver/src/stm32f10x_cec.c **** /** @defgroup CEC_Private_Functions
 109:../Libraries/STM32F10x_StdPeriph_Driver/src/stm32f10x_cec.c ****   * @{
 110:../Libraries/STM32F10x_StdPeriph_Driver/src/stm32f10x_cec.c ****   */ 
 111:../Libraries/STM32F10x_StdPeriph_Driver/src/stm32f10x_cec.c **** 
 112:../Libraries/STM32F10x_StdPeriph_Driver/src/stm32f10x_cec.c **** /**
 113:../Libraries/STM32F10x_StdPeriph_Driver/src/stm32f10x_cec.c ****   * @brief  Deinitializes the CEC peripheral registers to their default reset 
 114:../Libraries/STM32F10x_StdPeriph_Driver/src/stm32f10x_cec.c ****   *         values.
 115:../Libraries/STM32F10x_StdPeriph_Driver/src/stm32f10x_cec.c ****   * @param  None
 116:../Libraries/STM32F10x_StdPeriph_Driver/src/stm32f10x_cec.c ****   * @retval None
 117:../Libraries/STM32F10x_StdPeriph_Driver/src/stm32f10x_cec.c ****   */
 118:../Libraries/STM32F10x_StdPeriph_Driver/src/stm32f10x_cec.c **** void CEC_DeInit(void)
 119:../Libraries/STM32F10x_StdPeriph_Driver/src/stm32f10x_cec.c **** {
 19642              		.loc 1 119 0
 19643              		.cfi_startproc
 19644              		@ args = 0, pretend = 0, frame = 0
 19645              		@ frame_needed = 1, uses_anonymous_args = 0
 19646 0000 80B5     		push	{r7, lr}
 19647              	.LCFI0:
 19648              		.cfi_def_cfa_offset 8
 19649 0002 00AF     		add	r7, sp, #0
 19650              		.cfi_offset 14, -4
 19651              		.cfi_offset 7, -8
 19652              	.LCFI1:
 19653              		.cfi_def_cfa_register 7
 120:../Libraries/STM32F10x_StdPeriph_Driver/src/stm32f10x_cec.c ****   /* Enable CEC reset state */
 121:../Libraries/STM32F10x_StdPeriph_Driver/src/stm32f10x_cec.c ****   RCC_APB1PeriphResetCmd(RCC_APB1Periph_CEC, ENABLE);  
 19654              		.loc 1 121 0
 19655 0004 4FF08040 		mov	r0, #1073741824
 19656 0008 4FF00101 		mov	r1, #1
 19657 000c FFF7FEFF 		bl	RCC_APB1PeriphResetCmd
 122:../Libraries/STM32F10x_StdPeriph_Driver/src/stm32f10x_cec.c ****   /* Release CEC from reset state */
 123:../Libraries/STM32F10x_StdPeriph_Driver/src/stm32f10x_cec.c ****   RCC_APB1PeriphResetCmd(RCC_APB1Periph_CEC, DISABLE); 
 19658              		.loc 1 123 0
 19659 0010 4FF08040 		mov	r0, #1073741824
 19660 0014 4FF00001 		mov	r1, #0
 19661 0018 FFF7FEFF 		bl	RCC_APB1PeriphResetCmd
 124:../Libraries/STM32F10x_StdPeriph_Driver/src/stm32f10x_cec.c **** }
 19662              		.loc 1 124 0
 19663 001c 80BD     		pop	{r7, pc}
 19664              		.cfi_endproc
 19665              	.LFE29:
 19667 001e 00BF     		.section	.text.CEC_Init,"ax",%progbits
 19668              		.align	2
 19669              		.global	CEC_Init
 19670              		.thumb
 19671              		.thumb_func
 19673              	CEC_Init:
 19674              	.LFB30:
 125:../Libraries/STM32F10x_StdPeriph_Driver/src/stm32f10x_cec.c **** 
 126:../Libraries/STM32F10x_StdPeriph_Driver/src/stm32f10x_cec.c **** 
 127:../Libraries/STM32F10x_StdPeriph_Driver/src/stm32f10x_cec.c **** /**
 128:../Libraries/STM32F10x_StdPeriph_Driver/src/stm32f10x_cec.c ****   * @brief  Initializes the CEC peripheral according to the specified 
 129:../Libraries/STM32F10x_StdPeriph_Driver/src/stm32f10x_cec.c ****   *         parameters in the CEC_InitStruct.
 130:../Libraries/STM32F10x_StdPeriph_Driver/src/stm32f10x_cec.c ****   * @param  CEC_InitStruct: pointer to an CEC_InitTypeDef structure that
 131:../Libraries/STM32F10x_StdPeriph_Driver/src/stm32f10x_cec.c ****   *         contains the configuration information for the specified
 132:../Libraries/STM32F10x_StdPeriph_Driver/src/stm32f10x_cec.c ****   *         CEC peripheral.
 133:../Libraries/STM32F10x_StdPeriph_Driver/src/stm32f10x_cec.c ****   * @retval None
 134:../Libraries/STM32F10x_StdPeriph_Driver/src/stm32f10x_cec.c ****   */
 135:../Libraries/STM32F10x_StdPeriph_Driver/src/stm32f10x_cec.c **** void CEC_Init(CEC_InitTypeDef* CEC_InitStruct)
 136:../Libraries/STM32F10x_StdPeriph_Driver/src/stm32f10x_cec.c **** {
 19675              		.loc 1 136 0
 19676              		.cfi_startproc
 19677              		@ args = 0, pretend = 0, frame = 16
 19678              		@ frame_needed = 1, uses_anonymous_args = 0
 19679              		@ link register save eliminated.
 19680 0000 80B4     		push	{r7}
 19681              	.LCFI2:
 19682              		.cfi_def_cfa_offset 4
 19683 0002 85B0     		sub	sp, sp, #20
 19684              	.LCFI3:
 19685              		.cfi_def_cfa_offset 24
 19686 0004 00AF     		add	r7, sp, #0
 19687              		.cfi_offset 7, -4
 19688              	.LCFI4:
 19689              		.cfi_def_cfa_register 7
 19690 0006 7860     		str	r0, [r7, #4]
 137:../Libraries/STM32F10x_StdPeriph_Driver/src/stm32f10x_cec.c ****   uint16_t tmpreg = 0;
 19691              		.loc 1 137 0
 19692 0008 4FF00003 		mov	r3, #0
 19693 000c FB81     		strh	r3, [r7, #14]	@ movhi
 138:../Libraries/STM32F10x_StdPeriph_Driver/src/stm32f10x_cec.c ****  
 139:../Libraries/STM32F10x_StdPeriph_Driver/src/stm32f10x_cec.c ****   /* Check the parameters */
 140:../Libraries/STM32F10x_StdPeriph_Driver/src/stm32f10x_cec.c ****   assert_param(IS_CEC_BIT_TIMING_ERROR_MODE(CEC_InitStruct->CEC_BitTimingMode)); 
 141:../Libraries/STM32F10x_StdPeriph_Driver/src/stm32f10x_cec.c ****   assert_param(IS_CEC_BIT_PERIOD_ERROR_MODE(CEC_InitStruct->CEC_BitPeriodMode));
 142:../Libraries/STM32F10x_StdPeriph_Driver/src/stm32f10x_cec.c ****      
 143:../Libraries/STM32F10x_StdPeriph_Driver/src/stm32f10x_cec.c ****   /*---------------------------- CEC CFGR Configuration -----------------*/
 144:../Libraries/STM32F10x_StdPeriph_Driver/src/stm32f10x_cec.c ****   /* Get the CEC CFGR value */
 145:../Libraries/STM32F10x_StdPeriph_Driver/src/stm32f10x_cec.c ****   tmpreg = CEC->CFGR;
 19694              		.loc 1 145 0
 19695 000e 0D4B     		ldr	r3, .L3
 19696 0010 1B68     		ldr	r3, [r3, #0]
 19697 0012 FB81     		strh	r3, [r7, #14]	@ movhi
 146:../Libraries/STM32F10x_StdPeriph_Driver/src/stm32f10x_cec.c ****   
 147:../Libraries/STM32F10x_StdPeriph_Driver/src/stm32f10x_cec.c ****   /* Clear BTEM and BPEM bits */
 148:../Libraries/STM32F10x_StdPeriph_Driver/src/stm32f10x_cec.c ****   tmpreg &= CFGR_CLEAR_Mask;
 19698              		.loc 1 148 0
 19699 0014 FB89     		ldrh	r3, [r7, #14]	@ movhi
 19700 0016 03F0F303 		and	r3, r3, #243
 19701 001a FB81     		strh	r3, [r7, #14]	@ movhi
 149:../Libraries/STM32F10x_StdPeriph_Driver/src/stm32f10x_cec.c ****   
 150:../Libraries/STM32F10x_StdPeriph_Driver/src/stm32f10x_cec.c ****   /* Configure CEC: Bit Timing Error and Bit Period Error */
 151:../Libraries/STM32F10x_StdPeriph_Driver/src/stm32f10x_cec.c ****   tmpreg |= (uint16_t)(CEC_InitStruct->CEC_BitTimingMode | CEC_InitStruct->CEC_BitPeriodMode);
 19702              		.loc 1 151 0
 19703 001c 7B68     		ldr	r3, [r7, #4]
 19704 001e 1A88     		ldrh	r2, [r3, #0]
 19705 0020 7B68     		ldr	r3, [r7, #4]
 19706 0022 5B88     		ldrh	r3, [r3, #2]
 19707 0024 42EA0303 		orr	r3, r2, r3
 19708 0028 9AB2     		uxth	r2, r3
 19709 002a FB89     		ldrh	r3, [r7, #14]	@ movhi
 19710 002c 42EA0303 		orr	r3, r2, r3
 19711 0030 FB81     		strh	r3, [r7, #14]	@ movhi
 152:../Libraries/STM32F10x_StdPeriph_Driver/src/stm32f10x_cec.c **** 
 153:../Libraries/STM32F10x_StdPeriph_Driver/src/stm32f10x_cec.c ****   /* Write to CEC CFGR  register*/
 154:../Libraries/STM32F10x_StdPeriph_Driver/src/stm32f10x_cec.c ****   CEC->CFGR = tmpreg;
 19712              		.loc 1 154 0
 19713 0032 044B     		ldr	r3, .L3
 19714 0034 FA89     		ldrh	r2, [r7, #14]
 19715 0036 1A60     		str	r2, [r3, #0]
 155:../Libraries/STM32F10x_StdPeriph_Driver/src/stm32f10x_cec.c ****   
 156:../Libraries/STM32F10x_StdPeriph_Driver/src/stm32f10x_cec.c **** }
 19716              		.loc 1 156 0
 19717 0038 07F11407 		add	r7, r7, #20
 19718 003c BD46     		mov	sp, r7
 19719 003e 80BC     		pop	{r7}
 19720 0040 7047     		bx	lr
 19721              	.L4:
 19722 0042 00BF     		.align	2
 19723              	.L3:
 19724 0044 00780040 		.word	1073772544
 19725              		.cfi_endproc
 19726              	.LFE30:
 19728              		.section	.text.CEC_Cmd,"ax",%progbits
 19729              		.align	2
 19730              		.global	CEC_Cmd
 19731              		.thumb
 19732              		.thumb_func
 19734              	CEC_Cmd:
 19735              	.LFB31:
 157:../Libraries/STM32F10x_StdPeriph_Driver/src/stm32f10x_cec.c **** 
 158:../Libraries/STM32F10x_StdPeriph_Driver/src/stm32f10x_cec.c **** /**
 159:../Libraries/STM32F10x_StdPeriph_Driver/src/stm32f10x_cec.c ****   * @brief  Enables or disables the specified CEC peripheral.
 160:../Libraries/STM32F10x_StdPeriph_Driver/src/stm32f10x_cec.c ****   * @param  NewState: new state of the CEC peripheral. 
 161:../Libraries/STM32F10x_StdPeriph_Driver/src/stm32f10x_cec.c ****   *     This parameter can be: ENABLE or DISABLE.
 162:../Libraries/STM32F10x_StdPeriph_Driver/src/stm32f10x_cec.c ****   * @retval None
 163:../Libraries/STM32F10x_StdPeriph_Driver/src/stm32f10x_cec.c ****   */
 164:../Libraries/STM32F10x_StdPeriph_Driver/src/stm32f10x_cec.c **** void CEC_Cmd(FunctionalState NewState)
 165:../Libraries/STM32F10x_StdPeriph_Driver/src/stm32f10x_cec.c **** {
 19736              		.loc 1 165 0
 19737              		.cfi_startproc
 19738              		@ args = 0, pretend = 0, frame = 8
 19739              		@ frame_needed = 1, uses_anonymous_args = 0
 19740              		@ link register save eliminated.
 19741 0000 80B4     		push	{r7}
 19742              	.LCFI5:
 19743              		.cfi_def_cfa_offset 4
 19744 0002 83B0     		sub	sp, sp, #12
 19745              	.LCFI6:
 19746              		.cfi_def_cfa_offset 16
 19747 0004 00AF     		add	r7, sp, #0
 19748              		.cfi_offset 7, -4
 19749              	.LCFI7:
 19750              		.cfi_def_cfa_register 7
 19751 0006 0346     		mov	r3, r0
 19752 0008 FB71     		strb	r3, [r7, #7]
 166:../Libraries/STM32F10x_StdPeriph_Driver/src/stm32f10x_cec.c ****   /* Check the parameters */
 167:../Libraries/STM32F10x_StdPeriph_Driver/src/stm32f10x_cec.c ****   assert_param(IS_FUNCTIONAL_STATE(NewState));
 168:../Libraries/STM32F10x_StdPeriph_Driver/src/stm32f10x_cec.c **** 
 169:../Libraries/STM32F10x_StdPeriph_Driver/src/stm32f10x_cec.c ****   *(__IO uint32_t *) CFGR_PE_BB = (uint32_t)NewState;
 19753              		.loc 1 169 0
 19754 000a 094B     		ldr	r3, .L8
 19755 000c FA79     		ldrb	r2, [r7, #7]	@ zero_extendqisi2
 19756 000e 1A60     		str	r2, [r3, #0]
 170:../Libraries/STM32F10x_StdPeriph_Driver/src/stm32f10x_cec.c **** 
 171:../Libraries/STM32F10x_StdPeriph_Driver/src/stm32f10x_cec.c ****   if(NewState == DISABLE)
 19757              		.loc 1 171 0
 19758 0010 FB79     		ldrb	r3, [r7, #7]	@ zero_extendqisi2
 19759 0012 002B     		cmp	r3, #0
 19760 0014 07D1     		bne	.L5
 172:../Libraries/STM32F10x_StdPeriph_Driver/src/stm32f10x_cec.c ****   {
 173:../Libraries/STM32F10x_StdPeriph_Driver/src/stm32f10x_cec.c ****     /* Wait until the PE bit is cleared by hardware (Idle Line detected) */
 174:../Libraries/STM32F10x_StdPeriph_Driver/src/stm32f10x_cec.c ****     while((CEC->CFGR & CEC_CFGR_PE) != (uint32_t)RESET)
 19761              		.loc 1 174 0
 19762 0016 00BF     		nop
 19763              	.L7:
 19764              		.loc 1 174 0 is_stmt 0 discriminator 1
 19765 0018 064B     		ldr	r3, .L8+4
 19766 001a 1B68     		ldr	r3, [r3, #0]
 19767 001c 03F00103 		and	r3, r3, #1
 19768 0020 DBB2     		uxtb	r3, r3
 19769 0022 002B     		cmp	r3, #0
 19770 0024 F8D1     		bne	.L7
 19771              	.L5:
 175:../Libraries/STM32F10x_StdPeriph_Driver/src/stm32f10x_cec.c ****     {
 176:../Libraries/STM32F10x_StdPeriph_Driver/src/stm32f10x_cec.c ****     }  
 177:../Libraries/STM32F10x_StdPeriph_Driver/src/stm32f10x_cec.c ****   }  
 178:../Libraries/STM32F10x_StdPeriph_Driver/src/stm32f10x_cec.c **** }
 19772              		.loc 1 178 0 is_stmt 1
 19773 0026 07F10C07 		add	r7, r7, #12
 19774 002a BD46     		mov	sp, r7
 19775 002c 80BC     		pop	{r7}
 19776 002e 7047     		bx	lr
 19777              	.L9:
 19778              		.align	2
 19779              	.L8:
 19780 0030 00000F42 		.word	1108279296
 19781 0034 00780040 		.word	1073772544
 19782              		.cfi_endproc
 19783              	.LFE31:
 19785              		.section	.text.CEC_ITConfig,"ax",%progbits
 19786              		.align	2
 19787              		.global	CEC_ITConfig
 19788              		.thumb
 19789              		.thumb_func
 19791              	CEC_ITConfig:
 19792              	.LFB32:
 179:../Libraries/STM32F10x_StdPeriph_Driver/src/stm32f10x_cec.c **** 
 180:../Libraries/STM32F10x_StdPeriph_Driver/src/stm32f10x_cec.c **** /**
 181:../Libraries/STM32F10x_StdPeriph_Driver/src/stm32f10x_cec.c ****   * @brief  Enables or disables the CEC interrupt.
 182:../Libraries/STM32F10x_StdPeriph_Driver/src/stm32f10x_cec.c ****   * @param  NewState: new state of the CEC interrupt.
 183:../Libraries/STM32F10x_StdPeriph_Driver/src/stm32f10x_cec.c ****   *   This parameter can be: ENABLE or DISABLE.
 184:../Libraries/STM32F10x_StdPeriph_Driver/src/stm32f10x_cec.c ****   * @retval None
 185:../Libraries/STM32F10x_StdPeriph_Driver/src/stm32f10x_cec.c ****   */
 186:../Libraries/STM32F10x_StdPeriph_Driver/src/stm32f10x_cec.c **** void CEC_ITConfig(FunctionalState NewState)
 187:../Libraries/STM32F10x_StdPeriph_Driver/src/stm32f10x_cec.c **** {
 19793              		.loc 1 187 0
 19794              		.cfi_startproc
 19795              		@ args = 0, pretend = 0, frame = 8
 19796              		@ frame_needed = 1, uses_anonymous_args = 0
 19797              		@ link register save eliminated.
 19798 0000 80B4     		push	{r7}
 19799              	.LCFI8:
 19800              		.cfi_def_cfa_offset 4
 19801 0002 83B0     		sub	sp, sp, #12
 19802              	.LCFI9:
 19803              		.cfi_def_cfa_offset 16
 19804 0004 00AF     		add	r7, sp, #0
 19805              		.cfi_offset 7, -4
 19806              	.LCFI10:
 19807              		.cfi_def_cfa_register 7
 19808 0006 0346     		mov	r3, r0
 19809 0008 FB71     		strb	r3, [r7, #7]
 188:../Libraries/STM32F10x_StdPeriph_Driver/src/stm32f10x_cec.c ****   /* Check the parameters */
 189:../Libraries/STM32F10x_StdPeriph_Driver/src/stm32f10x_cec.c ****   assert_param(IS_FUNCTIONAL_STATE(NewState));
 190:../Libraries/STM32F10x_StdPeriph_Driver/src/stm32f10x_cec.c **** 
 191:../Libraries/STM32F10x_StdPeriph_Driver/src/stm32f10x_cec.c ****   *(__IO uint32_t *) CFGR_IE_BB = (uint32_t)NewState;
 19810              		.loc 1 191 0
 19811 000a 044B     		ldr	r3, .L11
 19812 000c FA79     		ldrb	r2, [r7, #7]	@ zero_extendqisi2
 19813 000e 1A60     		str	r2, [r3, #0]
 192:../Libraries/STM32F10x_StdPeriph_Driver/src/stm32f10x_cec.c **** }
 19814              		.loc 1 192 0
 19815 0010 07F10C07 		add	r7, r7, #12
 19816 0014 BD46     		mov	sp, r7
 19817 0016 80BC     		pop	{r7}
 19818 0018 7047     		bx	lr
 19819              	.L12:
 19820 001a 00BF     		.align	2
 19821              	.L11:
 19822 001c 04000F42 		.word	1108279300
 19823              		.cfi_endproc
 19824              	.LFE32:
 19826              		.section	.text.CEC_OwnAddressConfig,"ax",%progbits
 19827              		.align	2
 19828              		.global	CEC_OwnAddressConfig
 19829              		.thumb
 19830              		.thumb_func
 19832              	CEC_OwnAddressConfig:
 19833              	.LFB33:
 193:../Libraries/STM32F10x_StdPeriph_Driver/src/stm32f10x_cec.c **** 
 194:../Libraries/STM32F10x_StdPeriph_Driver/src/stm32f10x_cec.c **** /**
 195:../Libraries/STM32F10x_StdPeriph_Driver/src/stm32f10x_cec.c ****   * @brief  Defines the Own Address of the CEC device.
 196:../Libraries/STM32F10x_StdPeriph_Driver/src/stm32f10x_cec.c ****   * @param  CEC_OwnAddress: The CEC own address
 197:../Libraries/STM32F10x_StdPeriph_Driver/src/stm32f10x_cec.c ****   * @retval None
 198:../Libraries/STM32F10x_StdPeriph_Driver/src/stm32f10x_cec.c ****   */
 199:../Libraries/STM32F10x_StdPeriph_Driver/src/stm32f10x_cec.c **** void CEC_OwnAddressConfig(uint8_t CEC_OwnAddress)
 200:../Libraries/STM32F10x_StdPeriph_Driver/src/stm32f10x_cec.c **** {
 19834              		.loc 1 200 0
 19835              		.cfi_startproc
 19836              		@ args = 0, pretend = 0, frame = 8
 19837              		@ frame_needed = 1, uses_anonymous_args = 0
 19838              		@ link register save eliminated.
 19839 0000 80B4     		push	{r7}
 19840              	.LCFI11:
 19841              		.cfi_def_cfa_offset 4
 19842 0002 83B0     		sub	sp, sp, #12
 19843              	.LCFI12:
 19844              		.cfi_def_cfa_offset 16
 19845 0004 00AF     		add	r7, sp, #0
 19846              		.cfi_offset 7, -4
 19847              	.LCFI13:
 19848              		.cfi_def_cfa_register 7
 19849 0006 0346     		mov	r3, r0
 19850 0008 FB71     		strb	r3, [r7, #7]
 201:../Libraries/STM32F10x_StdPeriph_Driver/src/stm32f10x_cec.c ****   /* Check the parameters */
 202:../Libraries/STM32F10x_StdPeriph_Driver/src/stm32f10x_cec.c ****   assert_param(IS_CEC_ADDRESS(CEC_OwnAddress));
 203:../Libraries/STM32F10x_StdPeriph_Driver/src/stm32f10x_cec.c **** 
 204:../Libraries/STM32F10x_StdPeriph_Driver/src/stm32f10x_cec.c ****   /* Set the CEC own address */
 205:../Libraries/STM32F10x_StdPeriph_Driver/src/stm32f10x_cec.c ****   CEC->OAR = CEC_OwnAddress;
 19851              		.loc 1 205 0
 19852 000a 044B     		ldr	r3, .L14
 19853 000c FA79     		ldrb	r2, [r7, #7]	@ zero_extendqisi2
 19854 000e 5A60     		str	r2, [r3, #4]
 206:../Libraries/STM32F10x_StdPeriph_Driver/src/stm32f10x_cec.c **** }
 19855              		.loc 1 206 0
 19856 0010 07F10C07 		add	r7, r7, #12
 19857 0014 BD46     		mov	sp, r7
 19858 0016 80BC     		pop	{r7}
 19859 0018 7047     		bx	lr
 19860              	.L15:
 19861 001a 00BF     		.align	2
 19862              	.L14:
 19863 001c 00780040 		.word	1073772544
 19864              		.cfi_endproc
 19865              	.LFE33:
 19867              		.section	.text.CEC_SetPrescaler,"ax",%progbits
 19868              		.align	2
 19869              		.global	CEC_SetPrescaler
 19870              		.thumb
 19871              		.thumb_func
 19873              	CEC_SetPrescaler:
 19874              	.LFB34:
 207:../Libraries/STM32F10x_StdPeriph_Driver/src/stm32f10x_cec.c **** 
 208:../Libraries/STM32F10x_StdPeriph_Driver/src/stm32f10x_cec.c **** /**
 209:../Libraries/STM32F10x_StdPeriph_Driver/src/stm32f10x_cec.c ****   * @brief  Sets the CEC prescaler value.
 210:../Libraries/STM32F10x_StdPeriph_Driver/src/stm32f10x_cec.c ****   * @param  CEC_Prescaler: CEC prescaler new value
 211:../Libraries/STM32F10x_StdPeriph_Driver/src/stm32f10x_cec.c ****   * @retval None
 212:../Libraries/STM32F10x_StdPeriph_Driver/src/stm32f10x_cec.c ****   */
 213:../Libraries/STM32F10x_StdPeriph_Driver/src/stm32f10x_cec.c **** void CEC_SetPrescaler(uint16_t CEC_Prescaler)
 214:../Libraries/STM32F10x_StdPeriph_Driver/src/stm32f10x_cec.c **** {
 19875              		.loc 1 214 0
 19876              		.cfi_startproc
 19877              		@ args = 0, pretend = 0, frame = 8
 19878              		@ frame_needed = 1, uses_anonymous_args = 0
 19879              		@ link register save eliminated.
 19880 0000 80B4     		push	{r7}
 19881              	.LCFI14:
 19882              		.cfi_def_cfa_offset 4
 19883 0002 83B0     		sub	sp, sp, #12
 19884              	.LCFI15:
 19885              		.cfi_def_cfa_offset 16
 19886 0004 00AF     		add	r7, sp, #0
 19887              		.cfi_offset 7, -4
 19888              	.LCFI16:
 19889              		.cfi_def_cfa_register 7
 19890 0006 0346     		mov	r3, r0
 19891 0008 FB80     		strh	r3, [r7, #6]	@ movhi
 215:../Libraries/STM32F10x_StdPeriph_Driver/src/stm32f10x_cec.c ****   /* Check the parameters */
 216:../Libraries/STM32F10x_StdPeriph_Driver/src/stm32f10x_cec.c ****   assert_param(IS_CEC_PRESCALER(CEC_Prescaler));
 217:../Libraries/STM32F10x_StdPeriph_Driver/src/stm32f10x_cec.c **** 
 218:../Libraries/STM32F10x_StdPeriph_Driver/src/stm32f10x_cec.c ****   /* Set the  Prescaler value*/
 219:../Libraries/STM32F10x_StdPeriph_Driver/src/stm32f10x_cec.c ****   CEC->PRES = CEC_Prescaler;
 19892              		.loc 1 219 0
 19893 000a 044B     		ldr	r3, .L17
 19894 000c FA88     		ldrh	r2, [r7, #6]
 19895 000e 9A60     		str	r2, [r3, #8]
 220:../Libraries/STM32F10x_StdPeriph_Driver/src/stm32f10x_cec.c **** }
 19896              		.loc 1 220 0
 19897 0010 07F10C07 		add	r7, r7, #12
 19898 0014 BD46     		mov	sp, r7
 19899 0016 80BC     		pop	{r7}
 19900 0018 7047     		bx	lr
 19901              	.L18:
 19902 001a 00BF     		.align	2
 19903              	.L17:
 19904 001c 00780040 		.word	1073772544
 19905              		.cfi_endproc
 19906              	.LFE34:
 19908              		.section	.text.CEC_SendDataByte,"ax",%progbits
 19909              		.align	2
 19910              		.global	CEC_SendDataByte
 19911              		.thumb
 19912              		.thumb_func
 19914              	CEC_SendDataByte:
 19915              	.LFB35:
 221:../Libraries/STM32F10x_StdPeriph_Driver/src/stm32f10x_cec.c **** 
 222:../Libraries/STM32F10x_StdPeriph_Driver/src/stm32f10x_cec.c **** /**
 223:../Libraries/STM32F10x_StdPeriph_Driver/src/stm32f10x_cec.c ****   * @brief  Transmits single data through the CEC peripheral.
 224:../Libraries/STM32F10x_StdPeriph_Driver/src/stm32f10x_cec.c ****   * @param  Data: the data to transmit.
 225:../Libraries/STM32F10x_StdPeriph_Driver/src/stm32f10x_cec.c ****   * @retval None
 226:../Libraries/STM32F10x_StdPeriph_Driver/src/stm32f10x_cec.c ****   */
 227:../Libraries/STM32F10x_StdPeriph_Driver/src/stm32f10x_cec.c **** void CEC_SendDataByte(uint8_t Data)
 228:../Libraries/STM32F10x_StdPeriph_Driver/src/stm32f10x_cec.c **** {  
 19916              		.loc 1 228 0
 19917              		.cfi_startproc
 19918              		@ args = 0, pretend = 0, frame = 8
 19919              		@ frame_needed = 1, uses_anonymous_args = 0
 19920              		@ link register save eliminated.
 19921 0000 80B4     		push	{r7}
 19922              	.LCFI17:
 19923              		.cfi_def_cfa_offset 4
 19924 0002 83B0     		sub	sp, sp, #12
 19925              	.LCFI18:
 19926              		.cfi_def_cfa_offset 16
 19927 0004 00AF     		add	r7, sp, #0
 19928              		.cfi_offset 7, -4
 19929              	.LCFI19:
 19930              		.cfi_def_cfa_register 7
 19931 0006 0346     		mov	r3, r0
 19932 0008 FB71     		strb	r3, [r7, #7]
 229:../Libraries/STM32F10x_StdPeriph_Driver/src/stm32f10x_cec.c ****   /* Transmit Data */
 230:../Libraries/STM32F10x_StdPeriph_Driver/src/stm32f10x_cec.c ****   CEC->TXD = Data ;
 19933              		.loc 1 230 0
 19934 000a 044B     		ldr	r3, .L20
 19935 000c FA79     		ldrb	r2, [r7, #7]	@ zero_extendqisi2
 19936 000e 5A61     		str	r2, [r3, #20]
 231:../Libraries/STM32F10x_StdPeriph_Driver/src/stm32f10x_cec.c **** }
 19937              		.loc 1 231 0
 19938 0010 07F10C07 		add	r7, r7, #12
 19939 0014 BD46     		mov	sp, r7
 19940 0016 80BC     		pop	{r7}
 19941 0018 7047     		bx	lr
 19942              	.L21:
 19943 001a 00BF     		.align	2
 19944              	.L20:
 19945 001c 00780040 		.word	1073772544
 19946              		.cfi_endproc
 19947              	.LFE35:
 19949              		.section	.text.CEC_ReceiveDataByte,"ax",%progbits
 19950              		.align	2
 19951              		.global	CEC_ReceiveDataByte
 19952              		.thumb
 19953              		.thumb_func
 19955              	CEC_ReceiveDataByte:
 19956              	.LFB36:
 232:../Libraries/STM32F10x_StdPeriph_Driver/src/stm32f10x_cec.c **** 
 233:../Libraries/STM32F10x_StdPeriph_Driver/src/stm32f10x_cec.c **** 
 234:../Libraries/STM32F10x_StdPeriph_Driver/src/stm32f10x_cec.c **** /**
 235:../Libraries/STM32F10x_StdPeriph_Driver/src/stm32f10x_cec.c ****   * @brief  Returns the most recent received data by the CEC peripheral.
 236:../Libraries/STM32F10x_StdPeriph_Driver/src/stm32f10x_cec.c ****   * @param  None
 237:../Libraries/STM32F10x_StdPeriph_Driver/src/stm32f10x_cec.c ****   * @retval The received data.
 238:../Libraries/STM32F10x_StdPeriph_Driver/src/stm32f10x_cec.c ****   */
 239:../Libraries/STM32F10x_StdPeriph_Driver/src/stm32f10x_cec.c **** uint8_t CEC_ReceiveDataByte(void)
 240:../Libraries/STM32F10x_StdPeriph_Driver/src/stm32f10x_cec.c **** {
 19957              		.loc 1 240 0
 19958              		.cfi_startproc
 19959              		@ args = 0, pretend = 0, frame = 0
 19960              		@ frame_needed = 1, uses_anonymous_args = 0
 19961              		@ link register save eliminated.
 19962 0000 80B4     		push	{r7}
 19963              	.LCFI20:
 19964              		.cfi_def_cfa_offset 4
 19965 0002 00AF     		add	r7, sp, #0
 19966              		.cfi_offset 7, -4
 19967              	.LCFI21:
 19968              		.cfi_def_cfa_register 7
 241:../Libraries/STM32F10x_StdPeriph_Driver/src/stm32f10x_cec.c ****   /* Receive Data */
 242:../Libraries/STM32F10x_StdPeriph_Driver/src/stm32f10x_cec.c ****   return (uint8_t)(CEC->RXD);
 19969              		.loc 1 242 0
 19970 0004 034B     		ldr	r3, .L23
 19971 0006 9B69     		ldr	r3, [r3, #24]
 19972 0008 DBB2     		uxtb	r3, r3
 243:../Libraries/STM32F10x_StdPeriph_Driver/src/stm32f10x_cec.c **** }
 19973              		.loc 1 243 0
 19974 000a 1846     		mov	r0, r3
 19975 000c BD46     		mov	sp, r7
 19976 000e 80BC     		pop	{r7}
 19977 0010 7047     		bx	lr
 19978              	.L24:
 19979 0012 00BF     		.align	2
 19980              	.L23:
 19981 0014 00780040 		.word	1073772544
 19982              		.cfi_endproc
 19983              	.LFE36:
 19985              		.section	.text.CEC_StartOfMessage,"ax",%progbits
 19986              		.align	2
 19987              		.global	CEC_StartOfMessage
 19988              		.thumb
 19989              		.thumb_func
 19991              	CEC_StartOfMessage:
 19992              	.LFB37:
 244:../Libraries/STM32F10x_StdPeriph_Driver/src/stm32f10x_cec.c **** 
 245:../Libraries/STM32F10x_StdPeriph_Driver/src/stm32f10x_cec.c **** /**
 246:../Libraries/STM32F10x_StdPeriph_Driver/src/stm32f10x_cec.c ****   * @brief  Starts a new message.
 247:../Libraries/STM32F10x_StdPeriph_Driver/src/stm32f10x_cec.c ****   * @param  None
 248:../Libraries/STM32F10x_StdPeriph_Driver/src/stm32f10x_cec.c ****   * @retval None
 249:../Libraries/STM32F10x_StdPeriph_Driver/src/stm32f10x_cec.c ****   */
 250:../Libraries/STM32F10x_StdPeriph_Driver/src/stm32f10x_cec.c **** void CEC_StartOfMessage(void)
 251:../Libraries/STM32F10x_StdPeriph_Driver/src/stm32f10x_cec.c **** {  
 19993              		.loc 1 251 0
 19994              		.cfi_startproc
 19995              		@ args = 0, pretend = 0, frame = 0
 19996              		@ frame_needed = 1, uses_anonymous_args = 0
 19997              		@ link register save eliminated.
 19998 0000 80B4     		push	{r7}
 19999              	.LCFI22:
 20000              		.cfi_def_cfa_offset 4
 20001 0002 00AF     		add	r7, sp, #0
 20002              		.cfi_offset 7, -4
 20003              	.LCFI23:
 20004              		.cfi_def_cfa_register 7
 252:../Libraries/STM32F10x_StdPeriph_Driver/src/stm32f10x_cec.c ****   /* Starts of new message */
 253:../Libraries/STM32F10x_StdPeriph_Driver/src/stm32f10x_cec.c ****   *(__IO uint32_t *) CSR_TSOM_BB = (uint32_t)0x1;
 20005              		.loc 1 253 0
 20006 0004 034B     		ldr	r3, .L26
 20007 0006 4FF00102 		mov	r2, #1
 20008 000a 1A60     		str	r2, [r3, #0]
 254:../Libraries/STM32F10x_StdPeriph_Driver/src/stm32f10x_cec.c **** }
 20009              		.loc 1 254 0
 20010 000c BD46     		mov	sp, r7
 20011 000e 80BC     		pop	{r7}
 20012 0010 7047     		bx	lr
 20013              	.L27:
 20014 0012 00BF     		.align	2
 20015              	.L26:
 20016 0014 00020F42 		.word	1108279808
 20017              		.cfi_endproc
 20018              	.LFE37:
 20020              		.section	.text.CEC_EndOfMessageCmd,"ax",%progbits
 20021              		.align	2
 20022              		.global	CEC_EndOfMessageCmd
 20023              		.thumb
 20024              		.thumb_func
 20026              	CEC_EndOfMessageCmd:
 20027              	.LFB38:
 255:../Libraries/STM32F10x_StdPeriph_Driver/src/stm32f10x_cec.c **** 
 256:../Libraries/STM32F10x_StdPeriph_Driver/src/stm32f10x_cec.c **** /**
 257:../Libraries/STM32F10x_StdPeriph_Driver/src/stm32f10x_cec.c ****   * @brief  Transmits message with or without an EOM bit.
 258:../Libraries/STM32F10x_StdPeriph_Driver/src/stm32f10x_cec.c ****   * @param  NewState: new state of the CEC Tx End Of Message. 
 259:../Libraries/STM32F10x_StdPeriph_Driver/src/stm32f10x_cec.c ****   *     This parameter can be: ENABLE or DISABLE.
 260:../Libraries/STM32F10x_StdPeriph_Driver/src/stm32f10x_cec.c ****   * @retval None
 261:../Libraries/STM32F10x_StdPeriph_Driver/src/stm32f10x_cec.c ****   */
 262:../Libraries/STM32F10x_StdPeriph_Driver/src/stm32f10x_cec.c **** void CEC_EndOfMessageCmd(FunctionalState NewState)
 263:../Libraries/STM32F10x_StdPeriph_Driver/src/stm32f10x_cec.c **** {   
 20028              		.loc 1 263 0
 20029              		.cfi_startproc
 20030              		@ args = 0, pretend = 0, frame = 8
 20031              		@ frame_needed = 1, uses_anonymous_args = 0
 20032              		@ link register save eliminated.
 20033 0000 80B4     		push	{r7}
 20034              	.LCFI24:
 20035              		.cfi_def_cfa_offset 4
 20036 0002 83B0     		sub	sp, sp, #12
 20037              	.LCFI25:
 20038              		.cfi_def_cfa_offset 16
 20039 0004 00AF     		add	r7, sp, #0
 20040              		.cfi_offset 7, -4
 20041              	.LCFI26:
 20042              		.cfi_def_cfa_register 7
 20043 0006 0346     		mov	r3, r0
 20044 0008 FB71     		strb	r3, [r7, #7]
 264:../Libraries/STM32F10x_StdPeriph_Driver/src/stm32f10x_cec.c ****   /* Check the parameters */
 265:../Libraries/STM32F10x_StdPeriph_Driver/src/stm32f10x_cec.c ****   assert_param(IS_FUNCTIONAL_STATE(NewState));
 266:../Libraries/STM32F10x_StdPeriph_Driver/src/stm32f10x_cec.c ****   
 267:../Libraries/STM32F10x_StdPeriph_Driver/src/stm32f10x_cec.c ****   /* The data byte will be transmitted with or without an EOM bit*/
 268:../Libraries/STM32F10x_StdPeriph_Driver/src/stm32f10x_cec.c ****   *(__IO uint32_t *) CSR_TEOM_BB = (uint32_t)NewState;
 20045              		.loc 1 268 0
 20046 000a 044B     		ldr	r3, .L29
 20047 000c FA79     		ldrb	r2, [r7, #7]	@ zero_extendqisi2
 20048 000e 1A60     		str	r2, [r3, #0]
 269:../Libraries/STM32F10x_StdPeriph_Driver/src/stm32f10x_cec.c **** }
 20049              		.loc 1 269 0
 20050 0010 07F10C07 		add	r7, r7, #12
 20051 0014 BD46     		mov	sp, r7
 20052 0016 80BC     		pop	{r7}
 20053 0018 7047     		bx	lr
 20054              	.L30:
 20055 001a 00BF     		.align	2
 20056              	.L29:
 20057 001c 04020F42 		.word	1108279812
 20058              		.cfi_endproc
 20059              	.LFE38:
 20061              		.section	.text.CEC_GetFlagStatus,"ax",%progbits
 20062              		.align	2
 20063              		.global	CEC_GetFlagStatus
 20064              		.thumb
 20065              		.thumb_func
 20067              	CEC_GetFlagStatus:
 20068              	.LFB39:
 270:../Libraries/STM32F10x_StdPeriph_Driver/src/stm32f10x_cec.c **** 
 271:../Libraries/STM32F10x_StdPeriph_Driver/src/stm32f10x_cec.c **** /**
 272:../Libraries/STM32F10x_StdPeriph_Driver/src/stm32f10x_cec.c ****   * @brief  Gets the CEC flag status
 273:../Libraries/STM32F10x_StdPeriph_Driver/src/stm32f10x_cec.c ****   * @param  CEC_FLAG: specifies the CEC flag to check. 
 274:../Libraries/STM32F10x_StdPeriph_Driver/src/stm32f10x_cec.c ****   *   This parameter can be one of the following values:
 275:../Libraries/STM32F10x_StdPeriph_Driver/src/stm32f10x_cec.c ****   *     @arg CEC_FLAG_BTE: Bit Timing Error
 276:../Libraries/STM32F10x_StdPeriph_Driver/src/stm32f10x_cec.c ****   *     @arg CEC_FLAG_BPE: Bit Period Error
 277:../Libraries/STM32F10x_StdPeriph_Driver/src/stm32f10x_cec.c ****   *     @arg CEC_FLAG_RBTFE: Rx Block Transfer Finished Error
 278:../Libraries/STM32F10x_StdPeriph_Driver/src/stm32f10x_cec.c ****   *     @arg CEC_FLAG_SBE: Start Bit Error
 279:../Libraries/STM32F10x_StdPeriph_Driver/src/stm32f10x_cec.c ****   *     @arg CEC_FLAG_ACKE: Block Acknowledge Error
 280:../Libraries/STM32F10x_StdPeriph_Driver/src/stm32f10x_cec.c ****   *     @arg CEC_FLAG_LINE: Line Error
 281:../Libraries/STM32F10x_StdPeriph_Driver/src/stm32f10x_cec.c ****   *     @arg CEC_FLAG_TBTFE: Tx Block Transfer Finished Error
 282:../Libraries/STM32F10x_StdPeriph_Driver/src/stm32f10x_cec.c ****   *     @arg CEC_FLAG_TEOM: Tx End Of Message 
 283:../Libraries/STM32F10x_StdPeriph_Driver/src/stm32f10x_cec.c ****   *     @arg CEC_FLAG_TERR: Tx Error
 284:../Libraries/STM32F10x_StdPeriph_Driver/src/stm32f10x_cec.c ****   *     @arg CEC_FLAG_TBTRF: Tx Byte Transfer Request or Block Transfer Finished
 285:../Libraries/STM32F10x_StdPeriph_Driver/src/stm32f10x_cec.c ****   *     @arg CEC_FLAG_RSOM: Rx Start Of Message
 286:../Libraries/STM32F10x_StdPeriph_Driver/src/stm32f10x_cec.c ****   *     @arg CEC_FLAG_REOM: Rx End Of Message
 287:../Libraries/STM32F10x_StdPeriph_Driver/src/stm32f10x_cec.c ****   *     @arg CEC_FLAG_RERR: Rx Error
 288:../Libraries/STM32F10x_StdPeriph_Driver/src/stm32f10x_cec.c ****   *     @arg CEC_FLAG_RBTF: Rx Byte/Block Transfer Finished
 289:../Libraries/STM32F10x_StdPeriph_Driver/src/stm32f10x_cec.c ****   * @retval The new state of CEC_FLAG (SET or RESET)
 290:../Libraries/STM32F10x_StdPeriph_Driver/src/stm32f10x_cec.c ****   */
 291:../Libraries/STM32F10x_StdPeriph_Driver/src/stm32f10x_cec.c **** FlagStatus CEC_GetFlagStatus(uint32_t CEC_FLAG) 
 292:../Libraries/STM32F10x_StdPeriph_Driver/src/stm32f10x_cec.c **** {
 20069              		.loc 1 292 0
 20070              		.cfi_startproc
 20071              		@ args = 0, pretend = 0, frame = 24
 20072              		@ frame_needed = 1, uses_anonymous_args = 0
 20073              		@ link register save eliminated.
 20074 0000 80B4     		push	{r7}
 20075              	.LCFI27:
 20076              		.cfi_def_cfa_offset 4
 20077 0002 87B0     		sub	sp, sp, #28
 20078              	.LCFI28:
 20079              		.cfi_def_cfa_offset 32
 20080 0004 00AF     		add	r7, sp, #0
 20081              		.cfi_offset 7, -4
 20082              	.LCFI29:
 20083              		.cfi_def_cfa_register 7
 20084 0006 7860     		str	r0, [r7, #4]
 293:../Libraries/STM32F10x_StdPeriph_Driver/src/stm32f10x_cec.c ****   FlagStatus bitstatus = RESET;
 20085              		.loc 1 293 0
 20086 0008 4FF00003 		mov	r3, #0
 20087 000c FB75     		strb	r3, [r7, #23]
 294:../Libraries/STM32F10x_StdPeriph_Driver/src/stm32f10x_cec.c ****   uint32_t cecreg = 0, cecbase = 0;
 20088              		.loc 1 294 0
 20089 000e 4FF00003 		mov	r3, #0
 20090 0012 FB60     		str	r3, [r7, #12]
 20091 0014 4FF00003 		mov	r3, #0
 20092 0018 3B61     		str	r3, [r7, #16]
 295:../Libraries/STM32F10x_StdPeriph_Driver/src/stm32f10x_cec.c ****   
 296:../Libraries/STM32F10x_StdPeriph_Driver/src/stm32f10x_cec.c ****   /* Check the parameters */
 297:../Libraries/STM32F10x_StdPeriph_Driver/src/stm32f10x_cec.c ****   assert_param(IS_CEC_GET_FLAG(CEC_FLAG));
 298:../Libraries/STM32F10x_StdPeriph_Driver/src/stm32f10x_cec.c ****  
 299:../Libraries/STM32F10x_StdPeriph_Driver/src/stm32f10x_cec.c ****   /* Get the CEC peripheral base address */
 300:../Libraries/STM32F10x_StdPeriph_Driver/src/stm32f10x_cec.c ****   cecbase = (uint32_t)(CEC_BASE);
 20093              		.loc 1 300 0
 20094 001a 174B     		ldr	r3, .L36
 20095 001c 3B61     		str	r3, [r7, #16]
 301:../Libraries/STM32F10x_StdPeriph_Driver/src/stm32f10x_cec.c ****   
 302:../Libraries/STM32F10x_StdPeriph_Driver/src/stm32f10x_cec.c ****   /* Read flag register index */
 303:../Libraries/STM32F10x_StdPeriph_Driver/src/stm32f10x_cec.c ****   cecreg = CEC_FLAG >> 28;
 20096              		.loc 1 303 0
 20097 001e 7B68     		ldr	r3, [r7, #4]
 20098 0020 4FEA1373 		lsr	r3, r3, #28
 20099 0024 FB60     		str	r3, [r7, #12]
 304:../Libraries/STM32F10x_StdPeriph_Driver/src/stm32f10x_cec.c ****   
 305:../Libraries/STM32F10x_StdPeriph_Driver/src/stm32f10x_cec.c ****   /* Get bit[23:0] of the flag */
 306:../Libraries/STM32F10x_StdPeriph_Driver/src/stm32f10x_cec.c ****   CEC_FLAG &= FLAG_Mask;
 20100              		.loc 1 306 0
 20101 0026 7B68     		ldr	r3, [r7, #4]
 20102 0028 23F07F43 		bic	r3, r3, #-16777216
 20103 002c 7B60     		str	r3, [r7, #4]
 307:../Libraries/STM32F10x_StdPeriph_Driver/src/stm32f10x_cec.c ****   
 308:../Libraries/STM32F10x_StdPeriph_Driver/src/stm32f10x_cec.c ****   if(cecreg != 0)
 20104              		.loc 1 308 0
 20105 002e FB68     		ldr	r3, [r7, #12]
 20106 0030 002B     		cmp	r3, #0
 20107 0032 08D0     		beq	.L32
 309:../Libraries/STM32F10x_StdPeriph_Driver/src/stm32f10x_cec.c ****   {
 310:../Libraries/STM32F10x_StdPeriph_Driver/src/stm32f10x_cec.c ****     /* Flag in CEC ESR Register */
 311:../Libraries/STM32F10x_StdPeriph_Driver/src/stm32f10x_cec.c ****     CEC_FLAG = (uint32_t)(CEC_FLAG >> 16);
 20108              		.loc 1 311 0
 20109 0034 7B68     		ldr	r3, [r7, #4]
 20110 0036 4FEA1343 		lsr	r3, r3, #16
 20111 003a 7B60     		str	r3, [r7, #4]
 312:../Libraries/STM32F10x_StdPeriph_Driver/src/stm32f10x_cec.c ****     
 313:../Libraries/STM32F10x_StdPeriph_Driver/src/stm32f10x_cec.c ****     /* Get the CEC ESR register address */
 314:../Libraries/STM32F10x_StdPeriph_Driver/src/stm32f10x_cec.c ****     cecbase += 0xC;
 20112              		.loc 1 314 0
 20113 003c 3B69     		ldr	r3, [r7, #16]
 20114 003e 03F10C03 		add	r3, r3, #12
 20115 0042 3B61     		str	r3, [r7, #16]
 20116 0044 03E0     		b	.L33
 20117              	.L32:
 315:../Libraries/STM32F10x_StdPeriph_Driver/src/stm32f10x_cec.c ****   }
 316:../Libraries/STM32F10x_StdPeriph_Driver/src/stm32f10x_cec.c ****   else
 317:../Libraries/STM32F10x_StdPeriph_Driver/src/stm32f10x_cec.c ****   {
 318:../Libraries/STM32F10x_StdPeriph_Driver/src/stm32f10x_cec.c ****     /* Get the CEC CSR register address */
 319:../Libraries/STM32F10x_StdPeriph_Driver/src/stm32f10x_cec.c ****     cecbase += 0x10;
 20118              		.loc 1 319 0
 20119 0046 3B69     		ldr	r3, [r7, #16]
 20120 0048 03F11003 		add	r3, r3, #16
 20121 004c 3B61     		str	r3, [r7, #16]
 20122              	.L33:
 320:../Libraries/STM32F10x_StdPeriph_Driver/src/stm32f10x_cec.c ****   }
 321:../Libraries/STM32F10x_StdPeriph_Driver/src/stm32f10x_cec.c ****   
 322:../Libraries/STM32F10x_StdPeriph_Driver/src/stm32f10x_cec.c ****   if(((*(__IO uint32_t *)cecbase) & CEC_FLAG) != (uint32_t)RESET)
 20123              		.loc 1 322 0
 20124 004e 3B69     		ldr	r3, [r7, #16]
 20125 0050 1A68     		ldr	r2, [r3, #0]
 20126 0052 7B68     		ldr	r3, [r7, #4]
 20127 0054 02EA0303 		and	r3, r2, r3
 20128 0058 002B     		cmp	r3, #0
 20129 005a 03D0     		beq	.L34
 323:../Libraries/STM32F10x_StdPeriph_Driver/src/stm32f10x_cec.c ****   {
 324:../Libraries/STM32F10x_StdPeriph_Driver/src/stm32f10x_cec.c ****     /* CEC_FLAG is set */
 325:../Libraries/STM32F10x_StdPeriph_Driver/src/stm32f10x_cec.c ****     bitstatus = SET;
 20130              		.loc 1 325 0
 20131 005c 4FF00103 		mov	r3, #1
 20132 0060 FB75     		strb	r3, [r7, #23]
 20133 0062 02E0     		b	.L35
 20134              	.L34:
 326:../Libraries/STM32F10x_StdPeriph_Driver/src/stm32f10x_cec.c ****   }
 327:../Libraries/STM32F10x_StdPeriph_Driver/src/stm32f10x_cec.c ****   else
 328:../Libraries/STM32F10x_StdPeriph_Driver/src/stm32f10x_cec.c ****   {
 329:../Libraries/STM32F10x_StdPeriph_Driver/src/stm32f10x_cec.c ****     /* CEC_FLAG is reset */
 330:../Libraries/STM32F10x_StdPeriph_Driver/src/stm32f10x_cec.c ****     bitstatus = RESET;
 20135              		.loc 1 330 0
 20136 0064 4FF00003 		mov	r3, #0
 20137 0068 FB75     		strb	r3, [r7, #23]
 20138              	.L35:
 331:../Libraries/STM32F10x_StdPeriph_Driver/src/stm32f10x_cec.c ****   }
 332:../Libraries/STM32F10x_StdPeriph_Driver/src/stm32f10x_cec.c ****   
 333:../Libraries/STM32F10x_StdPeriph_Driver/src/stm32f10x_cec.c ****   /* Return the CEC_FLAG status */
 334:../Libraries/STM32F10x_StdPeriph_Driver/src/stm32f10x_cec.c ****   return  bitstatus;
 20139              		.loc 1 334 0
 20140 006a FB7D     		ldrb	r3, [r7, #23]	@ zero_extendqisi2
 335:../Libraries/STM32F10x_StdPeriph_Driver/src/stm32f10x_cec.c **** }
 20141              		.loc 1 335 0
 20142 006c 1846     		mov	r0, r3
 20143 006e 07F11C07 		add	r7, r7, #28
 20144 0072 BD46     		mov	sp, r7
 20145 0074 80BC     		pop	{r7}
 20146 0076 7047     		bx	lr
 20147              	.L37:
 20148              		.align	2
 20149              	.L36:
 20150 0078 00780040 		.word	1073772544
 20151              		.cfi_endproc
 20152              	.LFE39:
 20154              		.section	.text.CEC_ClearFlag,"ax",%progbits
 20155              		.align	2
 20156              		.global	CEC_ClearFlag
 20157              		.thumb
 20158              		.thumb_func
 20160              	CEC_ClearFlag:
 20161              	.LFB40:
 336:../Libraries/STM32F10x_StdPeriph_Driver/src/stm32f10x_cec.c **** 
 337:../Libraries/STM32F10x_StdPeriph_Driver/src/stm32f10x_cec.c **** /**
 338:../Libraries/STM32F10x_StdPeriph_Driver/src/stm32f10x_cec.c ****   * @brief  Clears the CEC's pending flags.
 339:../Libraries/STM32F10x_StdPeriph_Driver/src/stm32f10x_cec.c ****   * @param  CEC_FLAG: specifies the flag to clear. 
 340:../Libraries/STM32F10x_StdPeriph_Driver/src/stm32f10x_cec.c ****   *   This parameter can be any combination of the following values:
 341:../Libraries/STM32F10x_StdPeriph_Driver/src/stm32f10x_cec.c ****   *     @arg CEC_FLAG_TERR: Tx Error
 342:../Libraries/STM32F10x_StdPeriph_Driver/src/stm32f10x_cec.c ****   *     @arg CEC_FLAG_TBTRF: Tx Byte Transfer Request or Block Transfer Finished
 343:../Libraries/STM32F10x_StdPeriph_Driver/src/stm32f10x_cec.c ****   *     @arg CEC_FLAG_RSOM: Rx Start Of Message
 344:../Libraries/STM32F10x_StdPeriph_Driver/src/stm32f10x_cec.c ****   *     @arg CEC_FLAG_REOM: Rx End Of Message
 345:../Libraries/STM32F10x_StdPeriph_Driver/src/stm32f10x_cec.c ****   *     @arg CEC_FLAG_RERR: Rx Error
 346:../Libraries/STM32F10x_StdPeriph_Driver/src/stm32f10x_cec.c ****   *     @arg CEC_FLAG_RBTF: Rx Byte/Block Transfer Finished
 347:../Libraries/STM32F10x_StdPeriph_Driver/src/stm32f10x_cec.c ****   * @retval None
 348:../Libraries/STM32F10x_StdPeriph_Driver/src/stm32f10x_cec.c ****   */
 349:../Libraries/STM32F10x_StdPeriph_Driver/src/stm32f10x_cec.c **** void CEC_ClearFlag(uint32_t CEC_FLAG)
 350:../Libraries/STM32F10x_StdPeriph_Driver/src/stm32f10x_cec.c **** { 
 20162              		.loc 1 350 0
 20163              		.cfi_startproc
 20164              		@ args = 0, pretend = 0, frame = 16
 20165              		@ frame_needed = 1, uses_anonymous_args = 0
 20166              		@ link register save eliminated.
 20167 0000 80B4     		push	{r7}
 20168              	.LCFI30:
 20169              		.cfi_def_cfa_offset 4
 20170 0002 85B0     		sub	sp, sp, #20
 20171              	.LCFI31:
 20172              		.cfi_def_cfa_offset 24
 20173 0004 00AF     		add	r7, sp, #0
 20174              		.cfi_offset 7, -4
 20175              	.LCFI32:
 20176              		.cfi_def_cfa_register 7
 20177 0006 7860     		str	r0, [r7, #4]
 351:../Libraries/STM32F10x_StdPeriph_Driver/src/stm32f10x_cec.c ****   uint32_t tmp = 0x0;
 20178              		.loc 1 351 0
 20179 0008 4FF00003 		mov	r3, #0
 20180 000c FB60     		str	r3, [r7, #12]
 352:../Libraries/STM32F10x_StdPeriph_Driver/src/stm32f10x_cec.c ****   
 353:../Libraries/STM32F10x_StdPeriph_Driver/src/stm32f10x_cec.c ****   /* Check the parameters */
 354:../Libraries/STM32F10x_StdPeriph_Driver/src/stm32f10x_cec.c ****   assert_param(IS_CEC_CLEAR_FLAG(CEC_FLAG));
 355:../Libraries/STM32F10x_StdPeriph_Driver/src/stm32f10x_cec.c **** 
 356:../Libraries/STM32F10x_StdPeriph_Driver/src/stm32f10x_cec.c ****   tmp = CEC->CSR & 0x2;
 20181              		.loc 1 356 0
 20182 000e 0C4B     		ldr	r3, .L39
 20183 0010 1B69     		ldr	r3, [r3, #16]
 20184 0012 03F00203 		and	r3, r3, #2
 20185 0016 FB60     		str	r3, [r7, #12]
 357:../Libraries/STM32F10x_StdPeriph_Driver/src/stm32f10x_cec.c ****        
 358:../Libraries/STM32F10x_StdPeriph_Driver/src/stm32f10x_cec.c ****   /* Clear the selected CEC flags */
 359:../Libraries/STM32F10x_StdPeriph_Driver/src/stm32f10x_cec.c ****   CEC->CSR &= (uint32_t)(((~(uint32_t)CEC_FLAG) & 0xFFFFFFFC) | tmp);
 20186              		.loc 1 359 0
 20187 0018 094B     		ldr	r3, .L39
 20188 001a 094A     		ldr	r2, .L39
 20189 001c 1169     		ldr	r1, [r2, #16]
 20190 001e 7A68     		ldr	r2, [r7, #4]
 20191 0020 6FEA0202 		mvn	r2, r2
 20192 0024 22F00300 		bic	r0, r2, #3
 20193 0028 FA68     		ldr	r2, [r7, #12]
 20194 002a 40EA0202 		orr	r2, r0, r2
 20195 002e 01EA0202 		and	r2, r1, r2
 20196 0032 1A61     		str	r2, [r3, #16]
 360:../Libraries/STM32F10x_StdPeriph_Driver/src/stm32f10x_cec.c **** }
 20197              		.loc 1 360 0
 20198 0034 07F11407 		add	r7, r7, #20
 20199 0038 BD46     		mov	sp, r7
 20200 003a 80BC     		pop	{r7}
 20201 003c 7047     		bx	lr
 20202              	.L40:
 20203 003e 00BF     		.align	2
 20204              	.L39:
 20205 0040 00780040 		.word	1073772544
 20206              		.cfi_endproc
 20207              	.LFE40:
 20209              		.section	.text.CEC_GetITStatus,"ax",%progbits
 20210              		.align	2
 20211              		.global	CEC_GetITStatus
 20212              		.thumb
 20213              		.thumb_func
 20215              	CEC_GetITStatus:
 20216              	.LFB41:
 361:../Libraries/STM32F10x_StdPeriph_Driver/src/stm32f10x_cec.c **** 
 362:../Libraries/STM32F10x_StdPeriph_Driver/src/stm32f10x_cec.c **** /**
 363:../Libraries/STM32F10x_StdPeriph_Driver/src/stm32f10x_cec.c ****   * @brief  Checks whether the specified CEC interrupt has occurred or not.
 364:../Libraries/STM32F10x_StdPeriph_Driver/src/stm32f10x_cec.c ****   * @param  CEC_IT: specifies the CEC interrupt source to check. 
 365:../Libraries/STM32F10x_StdPeriph_Driver/src/stm32f10x_cec.c ****   *   This parameter can be one of the following values:
 366:../Libraries/STM32F10x_StdPeriph_Driver/src/stm32f10x_cec.c ****   *     @arg CEC_IT_TERR: Tx Error
 367:../Libraries/STM32F10x_StdPeriph_Driver/src/stm32f10x_cec.c ****   *     @arg CEC_IT_TBTF: Tx Block Transfer Finished
 368:../Libraries/STM32F10x_StdPeriph_Driver/src/stm32f10x_cec.c ****   *     @arg CEC_IT_RERR: Rx Error
 369:../Libraries/STM32F10x_StdPeriph_Driver/src/stm32f10x_cec.c ****   *     @arg CEC_IT_RBTF: Rx Block Transfer Finished
 370:../Libraries/STM32F10x_StdPeriph_Driver/src/stm32f10x_cec.c ****   * @retval The new state of CEC_IT (SET or RESET).
 371:../Libraries/STM32F10x_StdPeriph_Driver/src/stm32f10x_cec.c ****   */
 372:../Libraries/STM32F10x_StdPeriph_Driver/src/stm32f10x_cec.c **** ITStatus CEC_GetITStatus(uint8_t CEC_IT)
 373:../Libraries/STM32F10x_StdPeriph_Driver/src/stm32f10x_cec.c **** {
 20217              		.loc 1 373 0
 20218              		.cfi_startproc
 20219              		@ args = 0, pretend = 0, frame = 16
 20220              		@ frame_needed = 1, uses_anonymous_args = 0
 20221              		@ link register save eliminated.
 20222 0000 80B4     		push	{r7}
 20223              	.LCFI33:
 20224              		.cfi_def_cfa_offset 4
 20225 0002 85B0     		sub	sp, sp, #20
 20226              	.LCFI34:
 20227              		.cfi_def_cfa_offset 24
 20228 0004 00AF     		add	r7, sp, #0
 20229              		.cfi_offset 7, -4
 20230              	.LCFI35:
 20231              		.cfi_def_cfa_register 7
 20232 0006 0346     		mov	r3, r0
 20233 0008 FB71     		strb	r3, [r7, #7]
 374:../Libraries/STM32F10x_StdPeriph_Driver/src/stm32f10x_cec.c ****   ITStatus bitstatus = RESET;
 20234              		.loc 1 374 0
 20235 000a 4FF00003 		mov	r3, #0
 20236 000e FB73     		strb	r3, [r7, #15]
 375:../Libraries/STM32F10x_StdPeriph_Driver/src/stm32f10x_cec.c ****   uint32_t enablestatus = 0;
 20237              		.loc 1 375 0
 20238 0010 4FF00003 		mov	r3, #0
 20239 0014 BB60     		str	r3, [r7, #8]
 376:../Libraries/STM32F10x_StdPeriph_Driver/src/stm32f10x_cec.c ****   
 377:../Libraries/STM32F10x_StdPeriph_Driver/src/stm32f10x_cec.c ****   /* Check the parameters */
 378:../Libraries/STM32F10x_StdPeriph_Driver/src/stm32f10x_cec.c ****    assert_param(IS_CEC_GET_IT(CEC_IT));
 379:../Libraries/STM32F10x_StdPeriph_Driver/src/stm32f10x_cec.c ****    
 380:../Libraries/STM32F10x_StdPeriph_Driver/src/stm32f10x_cec.c ****   /* Get the CEC IT enable bit status */
 381:../Libraries/STM32F10x_StdPeriph_Driver/src/stm32f10x_cec.c ****   enablestatus = (CEC->CFGR & (uint8_t)CEC_CFGR_IE) ;
 20240              		.loc 1 381 0
 20241 0016 0E4B     		ldr	r3, .L44
 20242 0018 1B68     		ldr	r3, [r3, #0]
 20243 001a 03F00203 		and	r3, r3, #2
 20244 001e BB60     		str	r3, [r7, #8]
 382:../Libraries/STM32F10x_StdPeriph_Driver/src/stm32f10x_cec.c ****   
 383:../Libraries/STM32F10x_StdPeriph_Driver/src/stm32f10x_cec.c ****   /* Check the status of the specified CEC interrupt */
 384:../Libraries/STM32F10x_StdPeriph_Driver/src/stm32f10x_cec.c ****   if (((CEC->CSR & CEC_IT) != (uint32_t)RESET) && enablestatus)
 20245              		.loc 1 384 0
 20246 0020 0B4B     		ldr	r3, .L44
 20247 0022 1A69     		ldr	r2, [r3, #16]
 20248 0024 FB79     		ldrb	r3, [r7, #7]	@ zero_extendqisi2
 20249 0026 02EA0303 		and	r3, r2, r3
 20250 002a 002B     		cmp	r3, #0
 20251 002c 06D0     		beq	.L42
 20252              		.loc 1 384 0 is_stmt 0 discriminator 1
 20253 002e BB68     		ldr	r3, [r7, #8]
 20254 0030 002B     		cmp	r3, #0
 20255 0032 03D0     		beq	.L42
 385:../Libraries/STM32F10x_StdPeriph_Driver/src/stm32f10x_cec.c ****   {
 386:../Libraries/STM32F10x_StdPeriph_Driver/src/stm32f10x_cec.c ****     /* CEC_IT is set */
 387:../Libraries/STM32F10x_StdPeriph_Driver/src/stm32f10x_cec.c ****     bitstatus = SET;
 20256              		.loc 1 387 0 is_stmt 1
 20257 0034 4FF00103 		mov	r3, #1
 20258 0038 FB73     		strb	r3, [r7, #15]
 20259 003a 02E0     		b	.L43
 20260              	.L42:
 388:../Libraries/STM32F10x_StdPeriph_Driver/src/stm32f10x_cec.c ****   }
 389:../Libraries/STM32F10x_StdPeriph_Driver/src/stm32f10x_cec.c ****   else
 390:../Libraries/STM32F10x_StdPeriph_Driver/src/stm32f10x_cec.c ****   {
 391:../Libraries/STM32F10x_StdPeriph_Driver/src/stm32f10x_cec.c ****     /* CEC_IT is reset */
 392:../Libraries/STM32F10x_StdPeriph_Driver/src/stm32f10x_cec.c ****     bitstatus = RESET;
 20261              		.loc 1 392 0
 20262 003c 4FF00003 		mov	r3, #0
 20263 0040 FB73     		strb	r3, [r7, #15]
 20264              	.L43:
 393:../Libraries/STM32F10x_StdPeriph_Driver/src/stm32f10x_cec.c ****   }
 394:../Libraries/STM32F10x_StdPeriph_Driver/src/stm32f10x_cec.c ****   /* Return the CEC_IT status */
 395:../Libraries/STM32F10x_StdPeriph_Driver/src/stm32f10x_cec.c ****   return  bitstatus;
 20265              		.loc 1 395 0
 20266 0042 FB7B     		ldrb	r3, [r7, #15]	@ zero_extendqisi2
 396:../Libraries/STM32F10x_StdPeriph_Driver/src/stm32f10x_cec.c **** }
 20267              		.loc 1 396 0
 20268 0044 1846     		mov	r0, r3
 20269 0046 07F11407 		add	r7, r7, #20
 20270 004a BD46     		mov	sp, r7
 20271 004c 80BC     		pop	{r7}
 20272 004e 7047     		bx	lr
 20273              	.L45:
 20274              		.align	2
 20275              	.L44:
 20276 0050 00780040 		.word	1073772544
 20277              		.cfi_endproc
 20278              	.LFE41:
 20280              		.section	.text.CEC_ClearITPendingBit,"ax",%progbits
 20281              		.align	2
 20282              		.global	CEC_ClearITPendingBit
 20283              		.thumb
 20284              		.thumb_func
 20286              	CEC_ClearITPendingBit:
 20287              	.LFB42:
 397:../Libraries/STM32F10x_StdPeriph_Driver/src/stm32f10x_cec.c **** 
 398:../Libraries/STM32F10x_StdPeriph_Driver/src/stm32f10x_cec.c **** /**
 399:../Libraries/STM32F10x_StdPeriph_Driver/src/stm32f10x_cec.c ****   * @brief  Clears the CEC's interrupt pending bits.
 400:../Libraries/STM32F10x_StdPeriph_Driver/src/stm32f10x_cec.c ****   * @param  CEC_IT: specifies the CEC interrupt pending bit to clear.
 401:../Libraries/STM32F10x_StdPeriph_Driver/src/stm32f10x_cec.c ****   *   This parameter can be any combination of the following values:
 402:../Libraries/STM32F10x_StdPeriph_Driver/src/stm32f10x_cec.c ****   *     @arg CEC_IT_TERR: Tx Error
 403:../Libraries/STM32F10x_StdPeriph_Driver/src/stm32f10x_cec.c ****   *     @arg CEC_IT_TBTF: Tx Block Transfer Finished
 404:../Libraries/STM32F10x_StdPeriph_Driver/src/stm32f10x_cec.c ****   *     @arg CEC_IT_RERR: Rx Error
 405:../Libraries/STM32F10x_StdPeriph_Driver/src/stm32f10x_cec.c ****   *     @arg CEC_IT_RBTF: Rx Block Transfer Finished
 406:../Libraries/STM32F10x_StdPeriph_Driver/src/stm32f10x_cec.c ****   * @retval None
 407:../Libraries/STM32F10x_StdPeriph_Driver/src/stm32f10x_cec.c ****   */
 408:../Libraries/STM32F10x_StdPeriph_Driver/src/stm32f10x_cec.c **** void CEC_ClearITPendingBit(uint16_t CEC_IT)
 409:../Libraries/STM32F10x_StdPeriph_Driver/src/stm32f10x_cec.c **** {
 20288              		.loc 1 409 0
 20289              		.cfi_startproc
 20290              		@ args = 0, pretend = 0, frame = 16
 20291              		@ frame_needed = 1, uses_anonymous_args = 0
 20292              		@ link register save eliminated.
 20293 0000 80B4     		push	{r7}
 20294              	.LCFI36:
 20295              		.cfi_def_cfa_offset 4
 20296 0002 85B0     		sub	sp, sp, #20
 20297              	.LCFI37:
 20298              		.cfi_def_cfa_offset 24
 20299 0004 00AF     		add	r7, sp, #0
 20300              		.cfi_offset 7, -4
 20301              	.LCFI38:
 20302              		.cfi_def_cfa_register 7
 20303 0006 0346     		mov	r3, r0
 20304 0008 FB80     		strh	r3, [r7, #6]	@ movhi
 410:../Libraries/STM32F10x_StdPeriph_Driver/src/stm32f10x_cec.c ****   uint32_t tmp = 0x0;
 20305              		.loc 1 410 0
 20306 000a 4FF00003 		mov	r3, #0
 20307 000e FB60     		str	r3, [r7, #12]
 411:../Libraries/STM32F10x_StdPeriph_Driver/src/stm32f10x_cec.c ****   
 412:../Libraries/STM32F10x_StdPeriph_Driver/src/stm32f10x_cec.c ****   /* Check the parameters */
 413:../Libraries/STM32F10x_StdPeriph_Driver/src/stm32f10x_cec.c ****   assert_param(IS_CEC_GET_IT(CEC_IT));
 414:../Libraries/STM32F10x_StdPeriph_Driver/src/stm32f10x_cec.c ****   
 415:../Libraries/STM32F10x_StdPeriph_Driver/src/stm32f10x_cec.c ****   tmp = CEC->CSR & 0x2;
 20308              		.loc 1 415 0
 20309 0010 0B4B     		ldr	r3, .L47
 20310 0012 1B69     		ldr	r3, [r3, #16]
 20311 0014 03F00203 		and	r3, r3, #2
 20312 0018 FB60     		str	r3, [r7, #12]
 416:../Libraries/STM32F10x_StdPeriph_Driver/src/stm32f10x_cec.c ****   
 417:../Libraries/STM32F10x_StdPeriph_Driver/src/stm32f10x_cec.c ****   /* Clear the selected CEC interrupt pending bits */
 418:../Libraries/STM32F10x_StdPeriph_Driver/src/stm32f10x_cec.c ****   CEC->CSR &= (uint32_t)(((~(uint32_t)CEC_IT) & 0xFFFFFFFC) | tmp);
 20313              		.loc 1 418 0
 20314 001a 094B     		ldr	r3, .L47
 20315 001c 084A     		ldr	r2, .L47
 20316 001e 1169     		ldr	r1, [r2, #16]
 20317 0020 FA88     		ldrh	r2, [r7, #6]
 20318 0022 6FEA0202 		mvn	r2, r2
 20319 0026 22F00300 		bic	r0, r2, #3
 20320 002a FA68     		ldr	r2, [r7, #12]
 20321 002c 40EA0202 		orr	r2, r0, r2
 20322 0030 01EA0202 		and	r2, r1, r2
 20323 0034 1A61     		str	r2, [r3, #16]
 419:../Libraries/STM32F10x_StdPeriph_Driver/src/stm32f10x_cec.c **** }
 20324              		.loc 1 419 0
 20325 0036 07F11407 		add	r7, r7, #20
 20326 003a BD46     		mov	sp, r7
 20327 003c 80BC     		pop	{r7}
 20328 003e 7047     		bx	lr
 20329              	.L48:
 20330              		.align	2
 20331              	.L47:
 20332 0040 00780040 		.word	1073772544
 20333              		.cfi_endproc
 20334              	.LFE42:
 20336              		.text
 20337              	.Letext0:
DEFINED SYMBOLS
                            *ABS*:00000000 stm32f10x_cec.c
C:\Users\sMi\AppData\Local\Temp\ccSW5Aa4.s:19635  .text.CEC_DeInit:00000000 $t
C:\Users\sMi\AppData\Local\Temp\ccSW5Aa4.s:19640  .text.CEC_DeInit:00000000 CEC_DeInit
C:\Users\sMi\AppData\Local\Temp\ccSW5Aa4.s:19668  .text.CEC_Init:00000000 $t
C:\Users\sMi\AppData\Local\Temp\ccSW5Aa4.s:19673  .text.CEC_Init:00000000 CEC_Init
C:\Users\sMi\AppData\Local\Temp\ccSW5Aa4.s:19724  .text.CEC_Init:00000044 $d
C:\Users\sMi\AppData\Local\Temp\ccSW5Aa4.s:19729  .text.CEC_Cmd:00000000 $t
C:\Users\sMi\AppData\Local\Temp\ccSW5Aa4.s:19734  .text.CEC_Cmd:00000000 CEC_Cmd
C:\Users\sMi\AppData\Local\Temp\ccSW5Aa4.s:19780  .text.CEC_Cmd:00000030 $d
C:\Users\sMi\AppData\Local\Temp\ccSW5Aa4.s:19786  .text.CEC_ITConfig:00000000 $t
C:\Users\sMi\AppData\Local\Temp\ccSW5Aa4.s:19791  .text.CEC_ITConfig:00000000 CEC_ITConfig
C:\Users\sMi\AppData\Local\Temp\ccSW5Aa4.s:19822  .text.CEC_ITConfig:0000001c $d
C:\Users\sMi\AppData\Local\Temp\ccSW5Aa4.s:19827  .text.CEC_OwnAddressConfig:00000000 $t
C:\Users\sMi\AppData\Local\Temp\ccSW5Aa4.s:19832  .text.CEC_OwnAddressConfig:00000000 CEC_OwnAddressConfig
C:\Users\sMi\AppData\Local\Temp\ccSW5Aa4.s:19863  .text.CEC_OwnAddressConfig:0000001c $d
C:\Users\sMi\AppData\Local\Temp\ccSW5Aa4.s:19868  .text.CEC_SetPrescaler:00000000 $t
C:\Users\sMi\AppData\Local\Temp\ccSW5Aa4.s:19873  .text.CEC_SetPrescaler:00000000 CEC_SetPrescaler
C:\Users\sMi\AppData\Local\Temp\ccSW5Aa4.s:19904  .text.CEC_SetPrescaler:0000001c $d
C:\Users\sMi\AppData\Local\Temp\ccSW5Aa4.s:19909  .text.CEC_SendDataByte:00000000 $t
C:\Users\sMi\AppData\Local\Temp\ccSW5Aa4.s:19914  .text.CEC_SendDataByte:00000000 CEC_SendDataByte
C:\Users\sMi\AppData\Local\Temp\ccSW5Aa4.s:19945  .text.CEC_SendDataByte:0000001c $d
C:\Users\sMi\AppData\Local\Temp\ccSW5Aa4.s:19950  .text.CEC_ReceiveDataByte:00000000 $t
C:\Users\sMi\AppData\Local\Temp\ccSW5Aa4.s:19955  .text.CEC_ReceiveDataByte:00000000 CEC_ReceiveDataByte
C:\Users\sMi\AppData\Local\Temp\ccSW5Aa4.s:19981  .text.CEC_ReceiveDataByte:00000014 $d
C:\Users\sMi\AppData\Local\Temp\ccSW5Aa4.s:19986  .text.CEC_StartOfMessage:00000000 $t
C:\Users\sMi\AppData\Local\Temp\ccSW5Aa4.s:19991  .text.CEC_StartOfMessage:00000000 CEC_StartOfMessage
C:\Users\sMi\AppData\Local\Temp\ccSW5Aa4.s:20016  .text.CEC_StartOfMessage:00000014 $d
C:\Users\sMi\AppData\Local\Temp\ccSW5Aa4.s:20021  .text.CEC_EndOfMessageCmd:00000000 $t
C:\Users\sMi\AppData\Local\Temp\ccSW5Aa4.s:20026  .text.CEC_EndOfMessageCmd:00000000 CEC_EndOfMessageCmd
C:\Users\sMi\AppData\Local\Temp\ccSW5Aa4.s:20057  .text.CEC_EndOfMessageCmd:0000001c $d
C:\Users\sMi\AppData\Local\Temp\ccSW5Aa4.s:20062  .text.CEC_GetFlagStatus:00000000 $t
C:\Users\sMi\AppData\Local\Temp\ccSW5Aa4.s:20067  .text.CEC_GetFlagStatus:00000000 CEC_GetFlagStatus
C:\Users\sMi\AppData\Local\Temp\ccSW5Aa4.s:20150  .text.CEC_GetFlagStatus:00000078 $d
C:\Users\sMi\AppData\Local\Temp\ccSW5Aa4.s:20155  .text.CEC_ClearFlag:00000000 $t
C:\Users\sMi\AppData\Local\Temp\ccSW5Aa4.s:20160  .text.CEC_ClearFlag:00000000 CEC_ClearFlag
C:\Users\sMi\AppData\Local\Temp\ccSW5Aa4.s:20205  .text.CEC_ClearFlag:00000040 $d
C:\Users\sMi\AppData\Local\Temp\ccSW5Aa4.s:20210  .text.CEC_GetITStatus:00000000 $t
C:\Users\sMi\AppData\Local\Temp\ccSW5Aa4.s:20215  .text.CEC_GetITStatus:00000000 CEC_GetITStatus
C:\Users\sMi\AppData\Local\Temp\ccSW5Aa4.s:20276  .text.CEC_GetITStatus:00000050 $d
C:\Users\sMi\AppData\Local\Temp\ccSW5Aa4.s:20281  .text.CEC_ClearITPendingBit:00000000 $t
C:\Users\sMi\AppData\Local\Temp\ccSW5Aa4.s:20286  .text.CEC_ClearITPendingBit:00000000 CEC_ClearITPendingBit
C:\Users\sMi\AppData\Local\Temp\ccSW5Aa4.s:20332  .text.CEC_ClearITPendingBit:00000040 $d
                     .debug_frame:00000010 $d

UNDEFINED SYMBOLS
RCC_APB1PeriphResetCmd
